{"C:\\Users\\TroyWilson\\source\\survey-app\\survey-taker\\js\\app.ts": {"path":"C:\\Users\\TroyWilson\\source\\survey-app\\survey-taker\\js\\app.ts","all":true,"statementMap":{"4":{"start":{"line":5,"column":0},"end":{"line":5,"column":45}},"5":{"start":{"line":6,"column":0},"end":{"line":6,"column":46}},"6":{"start":{"line":7,"column":0},"end":{"line":7,"column":78}},"7":{"start":{"line":8,"column":0},"end":{"line":8,"column":3}},"9":{"start":{"line":10,"column":0},"end":{"line":10,"column":58}},"10":{"start":{"line":11,"column":0},"end":{"line":11,"column":62}},"11":{"start":{"line":12,"column":0},"end":{"line":12,"column":78}},"12":{"start":{"line":13,"column":0},"end":{"line":13,"column":3}},"16":{"start":{"line":17,"column":0},"end":{"line":17,"column":35}},"17":{"start":{"line":18,"column":0},"end":{"line":18,"column":36}},"19":{"start":{"line":20,"column":0},"end":{"line":20,"column":47}},"20":{"start":{"line":21,"column":0},"end":{"line":21,"column":37}},"21":{"start":{"line":22,"column":0},"end":{"line":22,"column":36}},"24":{"start":{"line":25,"column":0},"end":{"line":25,"column":30}},"25":{"start":{"line":26,"column":0},"end":{"line":26,"column":58}},"26":{"start":{"line":27,"column":0},"end":{"line":27,"column":5}},"27":{"start":{"line":28,"column":0},"end":{"line":28,"column":3}},"28":{"start":{"line":29,"column":0},"end":{"line":29,"column":3}},"31":{"start":{"line":32,"column":0},"end":{"line":32,"column":48}},"32":{"start":{"line":33,"column":0},"end":{"line":33,"column":36}},"35":{"start":{"line":36,"column":0},"end":{"line":36,"column":27}},"36":{"start":{"line":37,"column":0},"end":{"line":37,"column":64}},"37":{"start":{"line":38,"column":0},"end":{"line":38,"column":54}},"38":{"start":{"line":39,"column":0},"end":{"line":39,"column":3}},"39":{"start":{"line":40,"column":0},"end":{"line":40,"column":1}},"41":{"start":{"line":42,"column":0},"end":{"line":42,"column":45}},"42":{"start":{"line":43,"column":0},"end":{"line":43,"column":66}},"43":{"start":{"line":44,"column":0},"end":{"line":44,"column":70}},"44":{"start":{"line":45,"column":0},"end":{"line":45,"column":56}},"46":{"start":{"line":47,"column":0},"end":{"line":47,"column":21}},"47":{"start":{"line":48,"column":0},"end":{"line":48,"column":39}},"48":{"start":{"line":49,"column":0},"end":{"line":49,"column":3}},"50":{"start":{"line":51,"column":0},"end":{"line":51,"column":22}},"51":{"start":{"line":52,"column":0},"end":{"line":52,"column":41}},"52":{"start":{"line":53,"column":0},"end":{"line":53,"column":3}},"53":{"start":{"line":54,"column":0},"end":{"line":54,"column":1}},"56":{"start":{"line":57,"column":0},"end":{"line":57,"column":32}},"58":{"start":{"line":59,"column":0},"end":{"line":59,"column":42}},"59":{"start":{"line":60,"column":0},"end":{"line":60,"column":53}},"60":{"start":{"line":61,"column":0},"end":{"line":61,"column":88}},"61":{"start":{"line":62,"column":0},"end":{"line":62,"column":11}},"62":{"start":{"line":63,"column":0},"end":{"line":63,"column":3}},"64":{"start":{"line":65,"column":0},"end":{"line":65,"column":7}},"66":{"start":{"line":67,"column":0},"end":{"line":67,"column":68}},"69":{"start":{"line":70,"column":0},"end":{"line":70,"column":71}},"70":{"start":{"line":71,"column":0},"end":{"line":71,"column":48}},"72":{"start":{"line":73,"column":0},"end":{"line":73,"column":83}},"75":{"start":{"line":76,"column":0},"end":{"line":76,"column":42}},"78":{"start":{"line":79,"column":0},"end":{"line":79,"column":37}},"81":{"start":{"line":82,"column":0},"end":{"line":82,"column":48}},"84":{"start":{"line":85,"column":0},"end":{"line":85,"column":49}},"86":{"start":{"line":87,"column":0},"end":{"line":87,"column":16}},"87":{"start":{"line":88,"column":0},"end":{"line":88,"column":48}},"88":{"start":{"line":89,"column":0},"end":{"line":89,"column":5}},"91":{"start":{"line":92,"column":0},"end":{"line":92,"column":64}},"94":{"start":{"line":95,"column":0},"end":{"line":95,"column":63}},"95":{"start":{"line":96,"column":0},"end":{"line":96,"column":60}},"96":{"start":{"line":97,"column":0},"end":{"line":97,"column":6}},"98":{"start":{"line":99,"column":0},"end":{"line":99,"column":26}},"100":{"start":{"line":101,"column":0},"end":{"line":101,"column":19}},"101":{"start":{"line":102,"column":0},"end":{"line":102,"column":54}},"102":{"start":{"line":103,"column":0},"end":{"line":103,"column":89}},"103":{"start":{"line":104,"column":0},"end":{"line":104,"column":3}},"104":{"start":{"line":105,"column":0},"end":{"line":105,"column":1}},"107":{"start":{"line":108,"column":0},"end":{"line":108,"column":27}},"108":{"start":{"line":109,"column":0},"end":{"line":109,"column":24}},"109":{"start":{"line":110,"column":0},"end":{"line":110,"column":1}},"112":{"start":{"line":113,"column":0},"end":{"line":113,"column":40}},"113":{"start":{"line":114,"column":0},"end":{"line":114,"column":58}},"114":{"start":{"line":115,"column":0},"end":{"line":115,"column":8}},"115":{"start":{"line":116,"column":0},"end":{"line":116,"column":13}},"116":{"start":{"line":117,"column":0},"end":{"line":117,"column":1}}},"s":{"4":0,"5":0,"6":0,"7":0,"9":0,"10":0,"11":0,"12":0,"16":0,"17":0,"19":0,"20":0,"21":0,"24":0,"25":0,"26":0,"27":0,"28":0,"31":0,"32":0,"35":0,"36":0,"37":0,"38":0,"39":0,"41":0,"42":0,"43":0,"44":0,"46":0,"47":0,"48":0,"50":0,"51":0,"52":0,"53":0,"56":0,"58":0,"59":0,"60":0,"61":0,"62":0,"64":0,"66":0,"69":0,"70":0,"72":0,"75":0,"78":0,"81":0,"84":0,"86":0,"87":0,"88":0,"91":0,"94":0,"95":0,"96":0,"98":0,"100":0,"101":0,"102":0,"103":0,"104":0,"107":0,"108":0,"109":0,"112":0,"113":0,"114":0,"115":0,"116":0},"branchMap":{"0":{"type":"branch","line":1,"loc":{"start":{"line":1,"column":3767},"end":{"line":117,"column":1}},"locations":[{"start":{"line":1,"column":3767},"end":{"line":117,"column":1}}]}},"b":{"0":[1]},"fnMap":{"0":{"name":"(empty-report)","decl":{"start":{"line":1,"column":3767},"end":{"line":117,"column":1}},"loc":{"start":{"line":1,"column":3767},"end":{"line":117,"column":1}},"line":1}},"f":{"0":1}}
,"C:\\Users\\TroyWilson\\source\\survey-app\\survey-taker\\js\\components\\error-boundary.ts": {"path":"C:\\Users\\TroyWilson\\source\\survey-app\\survey-taker\\js\\components\\error-boundary.ts","all":true,"statementMap":{"3":{"start":{"line":4,"column":0},"end":{"line":4,"column":60}},"5":{"start":{"line":6,"column":0},"end":{"line":6,"column":39}},"6":{"start":{"line":7,"column":0},"end":{"line":7,"column":105}},"7":{"start":{"line":8,"column":0},"end":{"line":8,"column":29}},"8":{"start":{"line":9,"column":0},"end":{"line":9,"column":19}},"9":{"start":{"line":10,"column":0},"end":{"line":10,"column":39}},"10":{"start":{"line":11,"column":0},"end":{"line":11,"column":5}},"12":{"start":{"line":13,"column":0},"end":{"line":13,"column":51}},"13":{"start":{"line":14,"column":0},"end":{"line":14,"column":39}},"14":{"start":{"line":15,"column":0},"end":{"line":15,"column":5}},"16":{"start":{"line":17,"column":0},"end":{"line":17,"column":53}},"17":{"start":{"line":18,"column":0},"end":{"line":18,"column":67}},"18":{"start":{"line":19,"column":0},"end":{"line":19,"column":5}},"20":{"start":{"line":21,"column":0},"end":{"line":21,"column":14}},"21":{"start":{"line":22,"column":0},"end":{"line":22,"column":32}},"22":{"start":{"line":23,"column":0},"end":{"line":23,"column":82}},"23":{"start":{"line":24,"column":0},"end":{"line":24,"column":76}},"24":{"start":{"line":25,"column":0},"end":{"line":25,"column":76}},"25":{"start":{"line":26,"column":0},"end":{"line":26,"column":92}},"26":{"start":{"line":27,"column":0},"end":{"line":27,"column":52}},"27":{"start":{"line":28,"column":0},"end":{"line":28,"column":54}},"28":{"start":{"line":29,"column":0},"end":{"line":29,"column":49}},"29":{"start":{"line":30,"column":0},"end":{"line":30,"column":30}},"30":{"start":{"line":31,"column":0},"end":{"line":31,"column":11}},"31":{"start":{"line":32,"column":0},"end":{"line":32,"column":10}},"32":{"start":{"line":33,"column":0},"end":{"line":33,"column":7}},"34":{"start":{"line":35,"column":0},"end":{"line":35,"column":33}},"35":{"start":{"line":36,"column":0},"end":{"line":36,"column":5}},"36":{"start":{"line":37,"column":0},"end":{"line":37,"column":4}},"37":{"start":{"line":38,"column":0},"end":{"line":38,"column":1}}},"s":{"3":0,"5":0,"6":0,"7":0,"8":0,"9":0,"10":0,"12":0,"13":0,"14":0,"16":0,"17":0,"18":0,"20":0,"21":0,"22":0,"23":0,"24":0,"25":0,"26":0,"27":0,"28":0,"29":0,"30":0,"31":0,"32":0,"34":0,"35":0,"36":0,"37":0},"branchMap":{"0":{"type":"branch","line":1,"loc":{"start":{"line":1,"column":1296},"end":{"line":38,"column":1}},"locations":[{"start":{"line":1,"column":1296},"end":{"line":38,"column":1}}]}},"b":{"0":[1]},"fnMap":{"0":{"name":"(empty-report)","decl":{"start":{"line":1,"column":1296},"end":{"line":38,"column":1}},"loc":{"start":{"line":1,"column":1296},"end":{"line":38,"column":1}},"line":1}},"f":{"0":1}}
,"C:\\Users\\TroyWilson\\source\\survey-app\\survey-taker\\js\\components\\question-progress.ts": {"path":"C:\\Users\\TroyWilson\\source\\survey-app\\survey-taker\\js\\components\\question-progress.ts","all":true,"statementMap":{"4":{"start":{"line":5,"column":0},"end":{"line":5,"column":60}},"12":{"start":{"line":13,"column":0},"end":{"line":13,"column":67}},"13":{"start":{"line":14,"column":0},"end":{"line":14,"column":17}},"14":{"start":{"line":15,"column":0},"end":{"line":15,"column":10}},"15":{"start":{"line":16,"column":0},"end":{"line":16,"column":15}},"16":{"start":{"line":17,"column":0},"end":{"line":17,"column":7}},"18":{"start":{"line":19,"column":0},"end":{"line":19,"column":78}},"19":{"start":{"line":20,"column":0},"end":{"line":20,"column":59}},"20":{"start":{"line":21,"column":0},"end":{"line":21,"column":68}},"21":{"start":{"line":22,"column":0},"end":{"line":22,"column":35}},"23":{"start":{"line":24,"column":0},"end":{"line":24,"column":64}},"26":{"start":{"line":27,"column":0},"end":{"line":27,"column":23}},"27":{"start":{"line":28,"column":0},"end":{"line":28,"column":20}},"28":{"start":{"line":29,"column":0},"end":{"line":29,"column":72}},"29":{"start":{"line":30,"column":0},"end":{"line":30,"column":24}},"30":{"start":{"line":31,"column":0},"end":{"line":31,"column":60}},"31":{"start":{"line":32,"column":0},"end":{"line":32,"column":21}},"32":{"start":{"line":33,"column":0},"end":{"line":33,"column":22}},"33":{"start":{"line":34,"column":0},"end":{"line":34,"column":21}},"34":{"start":{"line":35,"column":0},"end":{"line":35,"column":65}},"35":{"start":{"line":36,"column":0},"end":{"line":36,"column":22}},"36":{"start":{"line":37,"column":0},"end":{"line":37,"column":58}},"37":{"start":{"line":38,"column":0},"end":{"line":38,"column":23}},"38":{"start":{"line":39,"column":0},"end":{"line":39,"column":97}},"39":{"start":{"line":40,"column":0},"end":{"line":40,"column":16}},"40":{"start":{"line":41,"column":0},"end":{"line":41,"column":26}},"41":{"start":{"line":42,"column":0},"end":{"line":42,"column":7}},"42":{"start":{"line":43,"column":0},"end":{"line":43,"column":14}},"44":{"start":{"line":45,"column":0},"end":{"line":45,"column":12}},"45":{"start":{"line":46,"column":0},"end":{"line":46,"column":33}},"46":{"start":{"line":47,"column":0},"end":{"line":47,"column":28}},"47":{"start":{"line":48,"column":0},"end":{"line":48,"column":97}},"48":{"start":{"line":49,"column":0},"end":{"line":49,"column":6}},"49":{"start":{"line":50,"column":0},"end":{"line":50,"column":32}},"51":{"start":{"line":52,"column":0},"end":{"line":52,"column":45}},"52":{"start":{"line":53,"column":0},"end":{"line":53,"column":45}},"53":{"start":{"line":54,"column":0},"end":{"line":54,"column":12}},"54":{"start":{"line":55,"column":0},"end":{"line":55,"column":44}},"55":{"start":{"line":56,"column":0},"end":{"line":56,"column":5}},"56":{"start":{"line":57,"column":0},"end":{"line":57,"column":4}},"57":{"start":{"line":58,"column":0},"end":{"line":58,"column":81}},"58":{"start":{"line":59,"column":0},"end":{"line":59,"column":82}},"59":{"start":{"line":60,"column":0},"end":{"line":60,"column":75}},"60":{"start":{"line":61,"column":0},"end":{"line":61,"column":7}},"61":{"start":{"line":62,"column":0},"end":{"line":62,"column":6}},"62":{"start":{"line":63,"column":0},"end":{"line":63,"column":40}},"63":{"start":{"line":64,"column":0},"end":{"line":64,"column":41}},"64":{"start":{"line":65,"column":0},"end":{"line":65,"column":26}},"65":{"start":{"line":66,"column":0},"end":{"line":66,"column":51}},"66":{"start":{"line":67,"column":0},"end":{"line":67,"column":25}},"67":{"start":{"line":68,"column":0},"end":{"line":68,"column":27}},"68":{"start":{"line":69,"column":0},"end":{"line":69,"column":72}},"69":{"start":{"line":70,"column":0},"end":{"line":70,"column":6}},"70":{"start":{"line":71,"column":0},"end":{"line":71,"column":42}},"71":{"start":{"line":72,"column":0},"end":{"line":72,"column":44}},"72":{"start":{"line":73,"column":0},"end":{"line":73,"column":16}},"73":{"start":{"line":74,"column":0},"end":{"line":74,"column":63}},"74":{"start":{"line":75,"column":0},"end":{"line":75,"column":9}},"75":{"start":{"line":76,"column":0},"end":{"line":76,"column":8}},"76":{"start":{"line":77,"column":0},"end":{"line":77,"column":5}},"77":{"start":{"line":78,"column":0},"end":{"line":78,"column":4}},"78":{"start":{"line":79,"column":0},"end":{"line":79,"column":2}}},"s":{"4":0,"12":0,"13":0,"14":0,"15":0,"16":0,"18":0,"19":0,"20":0,"21":0,"23":0,"26":0,"27":0,"28":0,"29":0,"30":0,"31":0,"32":0,"33":0,"34":0,"35":0,"36":0,"37":0,"38":0,"39":0,"40":0,"41":0,"42":0,"44":0,"45":0,"46":0,"47":0,"48":0,"49":0,"51":0,"52":0,"53":0,"54":0,"55":0,"56":0,"57":0,"58":0,"59":0,"60":0,"61":0,"62":0,"63":0,"64":0,"65":0,"66":0,"67":0,"68":0,"69":0,"70":0,"71":0,"72":0,"73":0,"74":0,"75":0,"76":0,"77":0,"78":0},"branchMap":{"0":{"type":"branch","line":1,"loc":{"start":{"line":1,"column":2823},"end":{"line":79,"column":2}},"locations":[{"start":{"line":1,"column":2823},"end":{"line":79,"column":2}}]}},"b":{"0":[1]},"fnMap":{"0":{"name":"(empty-report)","decl":{"start":{"line":1,"column":2823},"end":{"line":79,"column":2}},"loc":{"start":{"line":1,"column":2823},"end":{"line":79,"column":2}},"line":1}},"f":{"0":1}}
,"C:\\Users\\TroyWilson\\source\\survey-app\\survey-taker\\js\\components\\question-renderer.ts": {"path":"C:\\Users\\TroyWilson\\source\\survey-app\\survey-taker\\js\\components\\question-renderer.ts","all":true,"statementMap":{"4":{"start":{"line":5,"column":0},"end":{"line":5,"column":60}},"6":{"start":{"line":7,"column":0},"end":{"line":7,"column":120}},"7":{"start":{"line":8,"column":0},"end":{"line":8,"column":49}},"9":{"start":{"line":10,"column":0},"end":{"line":10,"column":67}},"11":{"start":{"line":12,"column":0},"end":{"line":12,"column":27}},"12":{"start":{"line":13,"column":0},"end":{"line":13,"column":20}},"13":{"start":{"line":14,"column":0},"end":{"line":14,"column":76}},"14":{"start":{"line":15,"column":0},"end":{"line":15,"column":21}},"15":{"start":{"line":16,"column":0},"end":{"line":16,"column":77}},"16":{"start":{"line":17,"column":0},"end":{"line":17,"column":22}},"17":{"start":{"line":18,"column":0},"end":{"line":18,"column":78}},"18":{"start":{"line":19,"column":0},"end":{"line":19,"column":21}},"19":{"start":{"line":20,"column":0},"end":{"line":20,"column":77}},"20":{"start":{"line":21,"column":0},"end":{"line":21,"column":22}},"21":{"start":{"line":22,"column":0},"end":{"line":22,"column":78}},"22":{"start":{"line":23,"column":0},"end":{"line":23,"column":24}},"23":{"start":{"line":24,"column":0},"end":{"line":24,"column":80}},"24":{"start":{"line":25,"column":0},"end":{"line":25,"column":23}},"25":{"start":{"line":26,"column":0},"end":{"line":26,"column":79}},"26":{"start":{"line":27,"column":0},"end":{"line":27,"column":16}},"27":{"start":{"line":28,"column":0},"end":{"line":28,"column":85}},"28":{"start":{"line":29,"column":0},"end":{"line":29,"column":60}},"29":{"start":{"line":30,"column":0},"end":{"line":30,"column":14}},"30":{"start":{"line":31,"column":0},"end":{"line":31,"column":5}},"31":{"start":{"line":32,"column":0},"end":{"line":32,"column":2}},"34":{"start":{"line":35,"column":0},"end":{"line":35,"column":101}},"35":{"start":{"line":36,"column":0},"end":{"line":36,"column":76}},"36":{"start":{"line":37,"column":0},"end":{"line":37,"column":49}},"37":{"start":{"line":38,"column":0},"end":{"line":38,"column":36}},"38":{"start":{"line":39,"column":0},"end":{"line":39,"column":44}},"39":{"start":{"line":40,"column":0},"end":{"line":40,"column":107}},"40":{"start":{"line":41,"column":0},"end":{"line":41,"column":48}},"41":{"start":{"line":42,"column":0},"end":{"line":42,"column":40}},"42":{"start":{"line":43,"column":0},"end":{"line":43,"column":21}},"43":{"start":{"line":44,"column":0},"end":{"line":44,"column":89}},"44":{"start":{"line":45,"column":0},"end":{"line":45,"column":53}},"45":{"start":{"line":46,"column":0},"end":{"line":46,"column":11}},"46":{"start":{"line":47,"column":0},"end":{"line":47,"column":68}},"47":{"start":{"line":48,"column":0},"end":{"line":48,"column":38}},"48":{"start":{"line":49,"column":0},"end":{"line":49,"column":45}},"49":{"start":{"line":50,"column":0},"end":{"line":50,"column":32}},"50":{"start":{"line":51,"column":0},"end":{"line":51,"column":6}},"51":{"start":{"line":52,"column":0},"end":{"line":52,"column":2}},"54":{"start":{"line":55,"column":0},"end":{"line":55,"column":102}},"55":{"start":{"line":56,"column":0},"end":{"line":56,"column":76}},"56":{"start":{"line":57,"column":0},"end":{"line":57,"column":45}},"57":{"start":{"line":58,"column":0},"end":{"line":58,"column":57}},"58":{"start":{"line":59,"column":0},"end":{"line":59,"column":31}},"59":{"start":{"line":60,"column":0},"end":{"line":60,"column":53}},"60":{"start":{"line":61,"column":0},"end":{"line":61,"column":10}},"61":{"start":{"line":62,"column":0},"end":{"line":62,"column":45}},"62":{"start":{"line":63,"column":0},"end":{"line":63,"column":54}},"63":{"start":{"line":64,"column":0},"end":{"line":64,"column":32}},"64":{"start":{"line":65,"column":0},"end":{"line":65,"column":114}},"65":{"start":{"line":66,"column":0},"end":{"line":66,"column":34}},"66":{"start":{"line":67,"column":0},"end":{"line":67,"column":54}},"67":{"start":{"line":68,"column":0},"end":{"line":68,"column":47}},"68":{"start":{"line":69,"column":0},"end":{"line":69,"column":18}},"69":{"start":{"line":70,"column":0},"end":{"line":70,"column":58}},"70":{"start":{"line":71,"column":0},"end":{"line":71,"column":38}},"71":{"start":{"line":72,"column":0},"end":{"line":72,"column":42}},"72":{"start":{"line":73,"column":0},"end":{"line":73,"column":38}},"73":{"start":{"line":74,"column":0},"end":{"line":74,"column":51}},"74":{"start":{"line":75,"column":0},"end":{"line":75,"column":116}},"75":{"start":{"line":76,"column":0},"end":{"line":76,"column":52}},"76":{"start":{"line":77,"column":0},"end":{"line":77,"column":33}},"77":{"start":{"line":78,"column":0},"end":{"line":78,"column":49}},"78":{"start":{"line":79,"column":0},"end":{"line":79,"column":23}},"79":{"start":{"line":80,"column":0},"end":{"line":80,"column":94}},"80":{"start":{"line":81,"column":0},"end":{"line":81,"column":17}},"81":{"start":{"line":82,"column":0},"end":{"line":82,"column":13}},"82":{"start":{"line":83,"column":0},"end":{"line":83,"column":9}},"83":{"start":{"line":84,"column":0},"end":{"line":84,"column":6}},"84":{"start":{"line":85,"column":0},"end":{"line":85,"column":2}},"87":{"start":{"line":88,"column":0},"end":{"line":88,"column":103}},"88":{"start":{"line":89,"column":0},"end":{"line":89,"column":76}},"89":{"start":{"line":90,"column":0},"end":{"line":90,"column":73}},"90":{"start":{"line":91,"column":0},"end":{"line":91,"column":49}},"91":{"start":{"line":92,"column":0},"end":{"line":92,"column":44}},"92":{"start":{"line":93,"column":0},"end":{"line":93,"column":35}},"93":{"start":{"line":94,"column":0},"end":{"line":94,"column":57}},"94":{"start":{"line":95,"column":0},"end":{"line":95,"column":14}},"95":{"start":{"line":96,"column":0},"end":{"line":96,"column":49}},"96":{"start":{"line":97,"column":0},"end":{"line":97,"column":58}},"97":{"start":{"line":98,"column":0},"end":{"line":98,"column":36}},"98":{"start":{"line":99,"column":0},"end":{"line":99,"column":120}},"99":{"start":{"line":100,"column":0},"end":{"line":100,"column":38}},"100":{"start":{"line":101,"column":0},"end":{"line":101,"column":58}},"101":{"start":{"line":102,"column":0},"end":{"line":102,"column":51}},"102":{"start":{"line":103,"column":0},"end":{"line":103,"column":22}},"103":{"start":{"line":104,"column":0},"end":{"line":104,"column":62}},"104":{"start":{"line":105,"column":0},"end":{"line":105,"column":42}},"105":{"start":{"line":106,"column":0},"end":{"line":106,"column":46}},"106":{"start":{"line":107,"column":0},"end":{"line":107,"column":42}},"107":{"start":{"line":108,"column":0},"end":{"line":108,"column":55}},"108":{"start":{"line":109,"column":0},"end":{"line":109,"column":120}},"109":{"start":{"line":110,"column":0},"end":{"line":110,"column":56}},"110":{"start":{"line":111,"column":0},"end":{"line":111,"column":37}},"111":{"start":{"line":112,"column":0},"end":{"line":112,"column":53}},"112":{"start":{"line":113,"column":0},"end":{"line":113,"column":27}},"113":{"start":{"line":114,"column":0},"end":{"line":114,"column":98}},"114":{"start":{"line":115,"column":0},"end":{"line":115,"column":21}},"115":{"start":{"line":116,"column":0},"end":{"line":116,"column":17}},"116":{"start":{"line":117,"column":0},"end":{"line":117,"column":13}},"117":{"start":{"line":118,"column":0},"end":{"line":118,"column":9}},"118":{"start":{"line":119,"column":0},"end":{"line":119,"column":6}},"119":{"start":{"line":120,"column":0},"end":{"line":120,"column":2}},"122":{"start":{"line":123,"column":0},"end":{"line":123,"column":102}},"123":{"start":{"line":124,"column":0},"end":{"line":124,"column":76}},"124":{"start":{"line":125,"column":0},"end":{"line":125,"column":45}},"125":{"start":{"line":126,"column":0},"end":{"line":126,"column":57}},"126":{"start":{"line":127,"column":0},"end":{"line":127,"column":31}},"127":{"start":{"line":128,"column":0},"end":{"line":128,"column":53}},"128":{"start":{"line":129,"column":0},"end":{"line":129,"column":10}},"129":{"start":{"line":130,"column":0},"end":{"line":130,"column":41}},"130":{"start":{"line":131,"column":0},"end":{"line":131,"column":54}},"131":{"start":{"line":132,"column":0},"end":{"line":132,"column":32}},"132":{"start":{"line":133,"column":0},"end":{"line":133,"column":114}},"133":{"start":{"line":134,"column":0},"end":{"line":134,"column":34}},"134":{"start":{"line":135,"column":0},"end":{"line":135,"column":54}},"135":{"start":{"line":136,"column":0},"end":{"line":136,"column":47}},"136":{"start":{"line":137,"column":0},"end":{"line":137,"column":18}},"137":{"start":{"line":138,"column":0},"end":{"line":138,"column":58}},"138":{"start":{"line":139,"column":0},"end":{"line":139,"column":38}},"139":{"start":{"line":140,"column":0},"end":{"line":140,"column":42}},"140":{"start":{"line":141,"column":0},"end":{"line":141,"column":38}},"141":{"start":{"line":142,"column":0},"end":{"line":142,"column":51}},"142":{"start":{"line":143,"column":0},"end":{"line":143,"column":116}},"143":{"start":{"line":144,"column":0},"end":{"line":144,"column":52}},"144":{"start":{"line":145,"column":0},"end":{"line":145,"column":33}},"145":{"start":{"line":146,"column":0},"end":{"line":146,"column":49}},"146":{"start":{"line":147,"column":0},"end":{"line":147,"column":23}},"147":{"start":{"line":148,"column":0},"end":{"line":148,"column":94}},"148":{"start":{"line":149,"column":0},"end":{"line":149,"column":17}},"149":{"start":{"line":150,"column":0},"end":{"line":150,"column":13}},"150":{"start":{"line":151,"column":0},"end":{"line":151,"column":9}},"151":{"start":{"line":152,"column":0},"end":{"line":152,"column":6}},"152":{"start":{"line":153,"column":0},"end":{"line":153,"column":2}},"155":{"start":{"line":156,"column":0},"end":{"line":156,"column":103}},"156":{"start":{"line":157,"column":0},"end":{"line":157,"column":36}},"157":{"start":{"line":158,"column":0},"end":{"line":158,"column":74}},"159":{"start":{"line":160,"column":0},"end":{"line":160,"column":76}},"160":{"start":{"line":161,"column":0},"end":{"line":161,"column":45}},"161":{"start":{"line":162,"column":0},"end":{"line":162,"column":38}},"162":{"start":{"line":163,"column":0},"end":{"line":163,"column":31}},"163":{"start":{"line":164,"column":0},"end":{"line":164,"column":53}},"164":{"start":{"line":165,"column":0},"end":{"line":165,"column":10}},"165":{"start":{"line":166,"column":0},"end":{"line":166,"column":37}},"167":{"start":{"line":168,"column":0},"end":{"line":168,"column":79}},"168":{"start":{"line":169,"column":0},"end":{"line":169,"column":61}},"169":{"start":{"line":170,"column":0},"end":{"line":170,"column":32}},"170":{"start":{"line":171,"column":0},"end":{"line":171,"column":112}},"171":{"start":{"line":172,"column":0},"end":{"line":172,"column":34}},"172":{"start":{"line":173,"column":0},"end":{"line":173,"column":61}},"173":{"start":{"line":174,"column":0},"end":{"line":174,"column":47}},"174":{"start":{"line":175,"column":0},"end":{"line":175,"column":18}},"175":{"start":{"line":176,"column":0},"end":{"line":176,"column":58}},"176":{"start":{"line":177,"column":0},"end":{"line":177,"column":38}},"177":{"start":{"line":178,"column":0},"end":{"line":178,"column":42}},"178":{"start":{"line":179,"column":0},"end":{"line":179,"column":49}},"179":{"start":{"line":180,"column":0},"end":{"line":180,"column":58}},"180":{"start":{"line":181,"column":0},"end":{"line":181,"column":126}},"181":{"start":{"line":182,"column":0},"end":{"line":182,"column":52}},"182":{"start":{"line":183,"column":0},"end":{"line":183,"column":33}},"183":{"start":{"line":184,"column":0},"end":{"line":184,"column":49}},"184":{"start":{"line":185,"column":0},"end":{"line":185,"column":23}},"185":{"start":{"line":186,"column":0},"end":{"line":186,"column":90}},"186":{"start":{"line":187,"column":0},"end":{"line":187,"column":18}},"187":{"start":{"line":188,"column":0},"end":{"line":188,"column":14}},"188":{"start":{"line":189,"column":0},"end":{"line":189,"column":9}},"189":{"start":{"line":190,"column":0},"end":{"line":190,"column":6}},"190":{"start":{"line":191,"column":0},"end":{"line":191,"column":2}},"193":{"start":{"line":194,"column":0},"end":{"line":194,"column":105}},"194":{"start":{"line":195,"column":0},"end":{"line":195,"column":62}},"196":{"start":{"line":197,"column":0},"end":{"line":197,"column":63}},"197":{"start":{"line":198,"column":0},"end":{"line":198,"column":34}},"198":{"start":{"line":199,"column":0},"end":{"line":199,"column":39}},"199":{"start":{"line":200,"column":0},"end":{"line":200,"column":59}},"200":{"start":{"line":201,"column":0},"end":{"line":201,"column":41}},"201":{"start":{"line":202,"column":0},"end":{"line":202,"column":6}},"203":{"start":{"line":204,"column":0},"end":{"line":204,"column":76}},"204":{"start":{"line":205,"column":0},"end":{"line":205,"column":45}},"205":{"start":{"line":206,"column":0},"end":{"line":206,"column":57}},"206":{"start":{"line":207,"column":0},"end":{"line":207,"column":26}},"207":{"start":{"line":208,"column":0},"end":{"line":208,"column":53}},"208":{"start":{"line":209,"column":0},"end":{"line":209,"column":10}},"209":{"start":{"line":210,"column":0},"end":{"line":210,"column":45}},"210":{"start":{"line":211,"column":0},"end":{"line":211,"column":54}},"211":{"start":{"line":212,"column":0},"end":{"line":212,"column":32}},"212":{"start":{"line":213,"column":0},"end":{"line":213,"column":127}},"213":{"start":{"line":214,"column":0},"end":{"line":214,"column":47}},"214":{"start":{"line":215,"column":0},"end":{"line":215,"column":18}},"215":{"start":{"line":216,"column":0},"end":{"line":216,"column":58}},"216":{"start":{"line":217,"column":0},"end":{"line":217,"column":41}},"217":{"start":{"line":218,"column":0},"end":{"line":218,"column":42}},"218":{"start":{"line":219,"column":0},"end":{"line":219,"column":38}},"219":{"start":{"line":220,"column":0},"end":{"line":220,"column":64}},"220":{"start":{"line":221,"column":0},"end":{"line":221,"column":117}},"221":{"start":{"line":222,"column":0},"end":{"line":222,"column":52}},"222":{"start":{"line":223,"column":0},"end":{"line":223,"column":33}},"223":{"start":{"line":224,"column":0},"end":{"line":224,"column":49}},"224":{"start":{"line":225,"column":0},"end":{"line":225,"column":23}},"225":{"start":{"line":226,"column":0},"end":{"line":226,"column":94}},"226":{"start":{"line":227,"column":0},"end":{"line":227,"column":17}},"227":{"start":{"line":228,"column":0},"end":{"line":228,"column":13}},"228":{"start":{"line":229,"column":0},"end":{"line":229,"column":9}},"229":{"start":{"line":230,"column":0},"end":{"line":230,"column":6}},"230":{"start":{"line":231,"column":0},"end":{"line":231,"column":2}},"233":{"start":{"line":234,"column":0},"end":{"line":234,"column":104}},"234":{"start":{"line":235,"column":0},"end":{"line":235,"column":112}},"235":{"start":{"line":236,"column":0},"end":{"line":236,"column":55}},"238":{"start":{"line":239,"column":0},"end":{"line":239,"column":38}},"240":{"start":{"line":241,"column":0},"end":{"line":241,"column":49}},"241":{"start":{"line":242,"column":0},"end":{"line":242,"column":29}},"243":{"start":{"line":244,"column":0},"end":{"line":244,"column":48}},"244":{"start":{"line":245,"column":0},"end":{"line":245,"column":67}},"247":{"start":{"line":248,"column":0},"end":{"line":248,"column":34}},"250":{"start":{"line":251,"column":0},"end":{"line":251,"column":41}},"251":{"start":{"line":252,"column":0},"end":{"line":252,"column":6}},"253":{"start":{"line":254,"column":0},"end":{"line":254,"column":50}},"254":{"start":{"line":255,"column":0},"end":{"line":255,"column":29}},"256":{"start":{"line":257,"column":0},"end":{"line":257,"column":47}},"257":{"start":{"line":258,"column":0},"end":{"line":258,"column":33}},"260":{"start":{"line":261,"column":0},"end":{"line":261,"column":34}},"263":{"start":{"line":264,"column":0},"end":{"line":264,"column":41}},"264":{"start":{"line":265,"column":0},"end":{"line":265,"column":6}},"266":{"start":{"line":267,"column":0},"end":{"line":267,"column":58}},"267":{"start":{"line":268,"column":0},"end":{"line":268,"column":42}},"268":{"start":{"line":269,"column":0},"end":{"line":269,"column":6}},"270":{"start":{"line":271,"column":0},"end":{"line":271,"column":48}},"271":{"start":{"line":272,"column":0},"end":{"line":272,"column":37}},"272":{"start":{"line":273,"column":0},"end":{"line":273,"column":36}},"274":{"start":{"line":275,"column":0},"end":{"line":275,"column":51}},"275":{"start":{"line":276,"column":0},"end":{"line":276,"column":41}},"278":{"start":{"line":279,"column":0},"end":{"line":279,"column":53}},"279":{"start":{"line":280,"column":0},"end":{"line":280,"column":40}},"280":{"start":{"line":281,"column":0},"end":{"line":281,"column":28}},"281":{"start":{"line":282,"column":0},"end":{"line":282,"column":13}},"282":{"start":{"line":283,"column":0},"end":{"line":283,"column":9}},"285":{"start":{"line":286,"column":0},"end":{"line":286,"column":17}},"286":{"start":{"line":287,"column":0},"end":{"line":287,"column":6}},"289":{"start":{"line":290,"column":0},"end":{"line":290,"column":74}},"291":{"start":{"line":292,"column":0},"end":{"line":292,"column":76}},"292":{"start":{"line":293,"column":0},"end":{"line":293,"column":78}},"294":{"start":{"line":295,"column":0},"end":{"line":295,"column":69}},"295":{"start":{"line":296,"column":0},"end":{"line":296,"column":86}},"296":{"start":{"line":297,"column":0},"end":{"line":297,"column":14}},"297":{"start":{"line":298,"column":0},"end":{"line":298,"column":27}},"298":{"start":{"line":299,"column":0},"end":{"line":299,"column":58}},"299":{"start":{"line":300,"column":0},"end":{"line":300,"column":94}},"300":{"start":{"line":301,"column":0},"end":{"line":301,"column":14}},"301":{"start":{"line":302,"column":0},"end":{"line":302,"column":77}},"302":{"start":{"line":303,"column":0},"end":{"line":303,"column":51}},"303":{"start":{"line":304,"column":0},"end":{"line":304,"column":66}},"304":{"start":{"line":305,"column":0},"end":{"line":305,"column":64}},"305":{"start":{"line":306,"column":0},"end":{"line":306,"column":63}},"306":{"start":{"line":307,"column":0},"end":{"line":307,"column":36}},"307":{"start":{"line":308,"column":0},"end":{"line":308,"column":108}},"308":{"start":{"line":309,"column":0},"end":{"line":309,"column":101}},"309":{"start":{"line":310,"column":0},"end":{"line":310,"column":51}},"310":{"start":{"line":311,"column":0},"end":{"line":311,"column":22}},"312":{"start":{"line":313,"column":0},"end":{"line":313,"column":61}},"313":{"start":{"line":314,"column":0},"end":{"line":314,"column":84}},"314":{"start":{"line":315,"column":0},"end":{"line":315,"column":26}},"315":{"start":{"line":316,"column":0},"end":{"line":316,"column":54}},"316":{"start":{"line":317,"column":0},"end":{"line":317,"column":26}},"318":{"start":{"line":319,"column":0},"end":{"line":319,"column":101}},"320":{"start":{"line":321,"column":0},"end":{"line":321,"column":75}},"321":{"start":{"line":322,"column":0},"end":{"line":322,"column":43}},"322":{"start":{"line":323,"column":0},"end":{"line":323,"column":56}},"323":{"start":{"line":324,"column":0},"end":{"line":324,"column":82}},"324":{"start":{"line":325,"column":0},"end":{"line":325,"column":52}},"325":{"start":{"line":326,"column":0},"end":{"line":326,"column":57}},"326":{"start":{"line":327,"column":0},"end":{"line":327,"column":30}},"327":{"start":{"line":328,"column":0},"end":{"line":328,"column":37}},"328":{"start":{"line":329,"column":0},"end":{"line":329,"column":72}},"329":{"start":{"line":330,"column":0},"end":{"line":330,"column":31}},"330":{"start":{"line":331,"column":0},"end":{"line":331,"column":22}},"331":{"start":{"line":332,"column":0},"end":{"line":332,"column":18}},"332":{"start":{"line":333,"column":0},"end":{"line":333,"column":13}},"333":{"start":{"line":334,"column":0},"end":{"line":334,"column":9}},"334":{"start":{"line":335,"column":0},"end":{"line":335,"column":6}},"335":{"start":{"line":336,"column":0},"end":{"line":336,"column":2}}},"s":{"4":0,"6":0,"7":0,"9":0,"11":0,"12":0,"13":0,"14":0,"15":0,"16":0,"17":0,"18":0,"19":0,"20":0,"21":0,"22":0,"23":0,"24":0,"25":0,"26":0,"27":0,"28":0,"29":0,"30":0,"31":0,"34":0,"35":0,"36":0,"37":0,"38":0,"39":0,"40":0,"41":0,"42":0,"43":0,"44":0,"45":0,"46":0,"47":0,"48":0,"49":0,"50":0,"51":0,"54":0,"55":0,"56":0,"57":0,"58":0,"59":0,"60":0,"61":0,"62":0,"63":0,"64":0,"65":0,"66":0,"67":0,"68":0,"69":0,"70":0,"71":0,"72":0,"73":0,"74":0,"75":0,"76":0,"77":0,"78":0,"79":0,"80":0,"81":0,"82":0,"83":0,"84":0,"87":0,"88":0,"89":0,"90":0,"91":0,"92":0,"93":0,"94":0,"95":0,"96":0,"97":0,"98":0,"99":0,"100":0,"101":0,"102":0,"103":0,"104":0,"105":0,"106":0,"107":0,"108":0,"109":0,"110":0,"111":0,"112":0,"113":0,"114":0,"115":0,"116":0,"117":0,"118":0,"119":0,"122":0,"123":0,"124":0,"125":0,"126":0,"127":0,"128":0,"129":0,"130":0,"131":0,"132":0,"133":0,"134":0,"135":0,"136":0,"137":0,"138":0,"139":0,"140":0,"141":0,"142":0,"143":0,"144":0,"145":0,"146":0,"147":0,"148":0,"149":0,"150":0,"151":0,"152":0,"155":0,"156":0,"157":0,"159":0,"160":0,"161":0,"162":0,"163":0,"164":0,"165":0,"167":0,"168":0,"169":0,"170":0,"171":0,"172":0,"173":0,"174":0,"175":0,"176":0,"177":0,"178":0,"179":0,"180":0,"181":0,"182":0,"183":0,"184":0,"185":0,"186":0,"187":0,"188":0,"189":0,"190":0,"193":0,"194":0,"196":0,"197":0,"198":0,"199":0,"200":0,"201":0,"203":0,"204":0,"205":0,"206":0,"207":0,"208":0,"209":0,"210":0,"211":0,"212":0,"213":0,"214":0,"215":0,"216":0,"217":0,"218":0,"219":0,"220":0,"221":0,"222":0,"223":0,"224":0,"225":0,"226":0,"227":0,"228":0,"229":0,"230":0,"233":0,"234":0,"235":0,"238":0,"240":0,"241":0,"243":0,"244":0,"247":0,"250":0,"251":0,"253":0,"254":0,"256":0,"257":0,"260":0,"263":0,"264":0,"266":0,"267":0,"268":0,"270":0,"271":0,"272":0,"274":0,"275":0,"278":0,"279":0,"280":0,"281":0,"282":0,"285":0,"286":0,"289":0,"291":0,"292":0,"294":0,"295":0,"296":0,"297":0,"298":0,"299":0,"300":0,"301":0,"302":0,"303":0,"304":0,"305":0,"306":0,"307":0,"308":0,"309":0,"310":0,"312":0,"313":0,"314":0,"315":0,"316":0,"318":0,"320":0,"321":0,"322":0,"323":0,"324":0,"325":0,"326":0,"327":0,"328":0,"329":0,"330":0,"331":0,"332":0,"333":0,"334":0,"335":0},"branchMap":{"0":{"type":"branch","line":1,"loc":{"start":{"line":1,"column":15112},"end":{"line":336,"column":2}},"locations":[{"start":{"line":1,"column":15112},"end":{"line":336,"column":2}}]}},"b":{"0":[1]},"fnMap":{"0":{"name":"(empty-report)","decl":{"start":{"line":1,"column":15112},"end":{"line":336,"column":2}},"loc":{"start":{"line":1,"column":15112},"end":{"line":336,"column":2}},"line":1}},"f":{"0":1}}
,"C:\\Users\\TroyWilson\\source\\survey-app\\survey-taker\\js\\components\\survey-app.ts": {"path":"C:\\Users\\TroyWilson\\source\\survey-app\\survey-taker\\js\\components\\survey-app.ts","all":true,"statementMap":{"2":{"start":{"line":3,"column":0},"end":{"line":3,"column":110}},"3":{"start":{"line":4,"column":0},"end":{"line":4,"column":72}},"4":{"start":{"line":5,"column":0},"end":{"line":5,"column":68}},"5":{"start":{"line":6,"column":0},"end":{"line":6,"column":56}},"6":{"start":{"line":7,"column":0},"end":{"line":7,"column":58}},"7":{"start":{"line":8,"column":0},"end":{"line":8,"column":54}},"8":{"start":{"line":9,"column":0},"end":{"line":9,"column":87}},"11":{"start":{"line":12,"column":0},"end":{"line":12,"column":60}},"13":{"start":{"line":14,"column":0},"end":{"line":14,"column":73}},"15":{"start":{"line":16,"column":0},"end":{"line":16,"column":40}},"16":{"start":{"line":17,"column":0},"end":{"line":17,"column":32}},"17":{"start":{"line":18,"column":0},"end":{"line":18,"column":21}},"20":{"start":{"line":21,"column":0},"end":{"line":21,"column":78}},"21":{"start":{"line":22,"column":0},"end":{"line":22,"column":119}},"22":{"start":{"line":23,"column":0},"end":{"line":23,"column":78}},"23":{"start":{"line":24,"column":0},"end":{"line":24,"column":72}},"24":{"start":{"line":25,"column":0},"end":{"line":25,"column":79}},"25":{"start":{"line":26,"column":0},"end":{"line":26,"column":74}},"26":{"start":{"line":27,"column":0},"end":{"line":27,"column":76}},"28":{"start":{"line":29,"column":0},"end":{"line":29,"column":79}},"31":{"start":{"line":32,"column":0},"end":{"line":32,"column":69}},"32":{"start":{"line":33,"column":0},"end":{"line":33,"column":69}},"36":{"start":{"line":37,"column":0},"end":{"line":37,"column":93}},"39":{"start":{"line":40,"column":0},"end":{"line":40,"column":80}},"40":{"start":{"line":41,"column":0},"end":{"line":41,"column":13}},"42":{"start":{"line":43,"column":0},"end":{"line":43,"column":64}},"43":{"start":{"line":44,"column":0},"end":{"line":44,"column":43}},"44":{"start":{"line":45,"column":0},"end":{"line":45,"column":75}},"45":{"start":{"line":46,"column":0},"end":{"line":46,"column":43}},"46":{"start":{"line":47,"column":0},"end":{"line":47,"column":31}},"49":{"start":{"line":50,"column":0},"end":{"line":50,"column":56}},"50":{"start":{"line":51,"column":0},"end":{"line":51,"column":59}},"51":{"start":{"line":52,"column":0},"end":{"line":52,"column":45}},"52":{"start":{"line":53,"column":0},"end":{"line":53,"column":17}},"53":{"start":{"line":54,"column":0},"end":{"line":54,"column":20}},"54":{"start":{"line":55,"column":0},"end":{"line":55,"column":84}},"55":{"start":{"line":56,"column":0},"end":{"line":56,"column":13}},"56":{"start":{"line":57,"column":0},"end":{"line":57,"column":25}},"57":{"start":{"line":58,"column":0},"end":{"line":58,"column":70}},"58":{"start":{"line":59,"column":0},"end":{"line":59,"column":54}},"59":{"start":{"line":60,"column":0},"end":{"line":60,"column":9}},"60":{"start":{"line":61,"column":0},"end":{"line":61,"column":43}},"63":{"start":{"line":64,"column":0},"end":{"line":64,"column":94}},"64":{"start":{"line":65,"column":0},"end":{"line":65,"column":26}},"65":{"start":{"line":66,"column":0},"end":{"line":66,"column":30}},"66":{"start":{"line":67,"column":0},"end":{"line":67,"column":9}},"69":{"start":{"line":70,"column":0},"end":{"line":70,"column":72}},"70":{"start":{"line":71,"column":0},"end":{"line":71,"column":30}},"71":{"start":{"line":72,"column":0},"end":{"line":72,"column":9}},"74":{"start":{"line":75,"column":0},"end":{"line":75,"column":74}},"75":{"start":{"line":76,"column":0},"end":{"line":76,"column":28}},"76":{"start":{"line":77,"column":0},"end":{"line":77,"column":30}},"77":{"start":{"line":78,"column":0},"end":{"line":78,"column":28}},"78":{"start":{"line":79,"column":0},"end":{"line":79,"column":39}},"79":{"start":{"line":80,"column":0},"end":{"line":80,"column":59}},"80":{"start":{"line":81,"column":0},"end":{"line":81,"column":62}},"81":{"start":{"line":82,"column":0},"end":{"line":82,"column":51}},"82":{"start":{"line":83,"column":0},"end":{"line":83,"column":18}},"83":{"start":{"line":84,"column":0},"end":{"line":84,"column":14}},"84":{"start":{"line":85,"column":0},"end":{"line":85,"column":26}},"85":{"start":{"line":86,"column":0},"end":{"line":86,"column":9}},"87":{"start":{"line":88,"column":0},"end":{"line":88,"column":26}},"88":{"start":{"line":89,"column":0},"end":{"line":89,"column":11}},"91":{"start":{"line":92,"column":0},"end":{"line":92,"column":78}},"92":{"start":{"line":93,"column":0},"end":{"line":93,"column":26}},"95":{"start":{"line":96,"column":0},"end":{"line":96,"column":79}},"96":{"start":{"line":97,"column":0},"end":{"line":97,"column":56}},"97":{"start":{"line":98,"column":0},"end":{"line":98,"column":19}},"98":{"start":{"line":99,"column":0},"end":{"line":99,"column":9}},"100":{"start":{"line":101,"column":0},"end":{"line":101,"column":13}},"101":{"start":{"line":102,"column":0},"end":{"line":102,"column":43}},"102":{"start":{"line":103,"column":0},"end":{"line":103,"column":48}},"105":{"start":{"line":106,"column":0},"end":{"line":106,"column":64}},"106":{"start":{"line":107,"column":0},"end":{"line":107,"column":58}},"107":{"start":{"line":108,"column":0},"end":{"line":108,"column":13}},"109":{"start":{"line":110,"column":0},"end":{"line":110,"column":36}},"110":{"start":{"line":111,"column":0},"end":{"line":111,"column":60}},"111":{"start":{"line":112,"column":0},"end":{"line":112,"column":13}},"114":{"start":{"line":115,"column":0},"end":{"line":115,"column":51}},"115":{"start":{"line":116,"column":0},"end":{"line":116,"column":25}},"116":{"start":{"line":117,"column":0},"end":{"line":117,"column":63}},"117":{"start":{"line":118,"column":0},"end":{"line":118,"column":107}},"118":{"start":{"line":119,"column":0},"end":{"line":119,"column":9}},"119":{"start":{"line":120,"column":0},"end":{"line":120,"column":27}},"122":{"start":{"line":123,"column":0},"end":{"line":123,"column":105}},"123":{"start":{"line":124,"column":0},"end":{"line":124,"column":41}},"124":{"start":{"line":125,"column":0},"end":{"line":125,"column":19}},"125":{"start":{"line":126,"column":0},"end":{"line":126,"column":35}},"126":{"start":{"line":127,"column":0},"end":{"line":127,"column":9}},"127":{"start":{"line":128,"column":0},"end":{"line":128,"column":27}},"130":{"start":{"line":131,"column":0},"end":{"line":131,"column":62}},"131":{"start":{"line":132,"column":0},"end":{"line":132,"column":35}},"132":{"start":{"line":133,"column":0},"end":{"line":133,"column":41}},"133":{"start":{"line":134,"column":0},"end":{"line":134,"column":9}},"134":{"start":{"line":135,"column":0},"end":{"line":135,"column":11}},"137":{"start":{"line":138,"column":0},"end":{"line":138,"column":35}},"138":{"start":{"line":139,"column":0},"end":{"line":139,"column":13}},"140":{"start":{"line":141,"column":0},"end":{"line":141,"column":43}},"141":{"start":{"line":142,"column":0},"end":{"line":142,"column":39}},"144":{"start":{"line":145,"column":0},"end":{"line":145,"column":57}},"146":{"start":{"line":147,"column":0},"end":{"line":147,"column":39}},"148":{"start":{"line":149,"column":0},"end":{"line":149,"column":78}},"150":{"start":{"line":151,"column":0},"end":{"line":151,"column":55}},"151":{"start":{"line":152,"column":0},"end":{"line":152,"column":89}},"152":{"start":{"line":153,"column":0},"end":{"line":153,"column":55}},"153":{"start":{"line":154,"column":0},"end":{"line":154,"column":43}},"154":{"start":{"line":155,"column":0},"end":{"line":155,"column":32}},"155":{"start":{"line":156,"column":0},"end":{"line":156,"column":95}},"156":{"start":{"line":157,"column":0},"end":{"line":157,"column":96}},"157":{"start":{"line":158,"column":0},"end":{"line":158,"column":25}},"158":{"start":{"line":159,"column":0},"end":{"line":159,"column":28}},"159":{"start":{"line":160,"column":0},"end":{"line":160,"column":99}},"160":{"start":{"line":161,"column":0},"end":{"line":161,"column":21}},"161":{"start":{"line":162,"column":0},"end":{"line":162,"column":19}},"164":{"start":{"line":165,"column":0},"end":{"line":165,"column":21}},"165":{"start":{"line":166,"column":0},"end":{"line":166,"column":47}},"166":{"start":{"line":167,"column":0},"end":{"line":167,"column":49}},"167":{"start":{"line":168,"column":0},"end":{"line":168,"column":79}},"168":{"start":{"line":169,"column":0},"end":{"line":169,"column":28}},"169":{"start":{"line":170,"column":0},"end":{"line":170,"column":33}},"170":{"start":{"line":171,"column":0},"end":{"line":171,"column":77}},"171":{"start":{"line":172,"column":0},"end":{"line":172,"column":17}},"174":{"start":{"line":175,"column":0},"end":{"line":175,"column":58}},"175":{"start":{"line":176,"column":0},"end":{"line":176,"column":25}},"176":{"start":{"line":177,"column":0},"end":{"line":177,"column":48}},"177":{"start":{"line":178,"column":0},"end":{"line":178,"column":53}},"178":{"start":{"line":179,"column":0},"end":{"line":179,"column":83}},"179":{"start":{"line":180,"column":0},"end":{"line":180,"column":32}},"180":{"start":{"line":181,"column":0},"end":{"line":181,"column":37}},"181":{"start":{"line":182,"column":0},"end":{"line":182,"column":85}},"182":{"start":{"line":183,"column":0},"end":{"line":183,"column":21}},"183":{"start":{"line":184,"column":0},"end":{"line":184,"column":17}},"185":{"start":{"line":186,"column":0},"end":{"line":186,"column":20}},"187":{"start":{"line":188,"column":0},"end":{"line":188,"column":41}},"189":{"start":{"line":190,"column":0},"end":{"line":190,"column":13}},"190":{"start":{"line":191,"column":0},"end":{"line":191,"column":25}},"191":{"start":{"line":192,"column":0},"end":{"line":192,"column":67}},"192":{"start":{"line":193,"column":0},"end":{"line":193,"column":64}},"193":{"start":{"line":194,"column":0},"end":{"line":194,"column":9}},"194":{"start":{"line":195,"column":0},"end":{"line":195,"column":62}},"196":{"start":{"line":197,"column":0},"end":{"line":197,"column":94}},"197":{"start":{"line":198,"column":0},"end":{"line":198,"column":80}},"198":{"start":{"line":199,"column":0},"end":{"line":199,"column":11}},"200":{"start":{"line":201,"column":0},"end":{"line":201,"column":66}},"201":{"start":{"line":202,"column":0},"end":{"line":202,"column":30}},"203":{"start":{"line":204,"column":0},"end":{"line":204,"column":13}},"205":{"start":{"line":206,"column":0},"end":{"line":206,"column":32}},"208":{"start":{"line":209,"column":0},"end":{"line":209,"column":41}},"209":{"start":{"line":210,"column":0},"end":{"line":210,"column":36}},"210":{"start":{"line":211,"column":0},"end":{"line":211,"column":41}},"211":{"start":{"line":212,"column":0},"end":{"line":212,"column":28}},"212":{"start":{"line":213,"column":0},"end":{"line":213,"column":56}},"213":{"start":{"line":214,"column":0},"end":{"line":214,"column":54}},"214":{"start":{"line":215,"column":0},"end":{"line":215,"column":18}},"216":{"start":{"line":217,"column":0},"end":{"line":217,"column":21}},"218":{"start":{"line":219,"column":0},"end":{"line":219,"column":64}},"219":{"start":{"line":220,"column":0},"end":{"line":220,"column":35}},"221":{"start":{"line":222,"column":0},"end":{"line":222,"column":47}},"222":{"start":{"line":223,"column":0},"end":{"line":223,"column":48}},"223":{"start":{"line":224,"column":0},"end":{"line":224,"column":40}},"224":{"start":{"line":225,"column":0},"end":{"line":225,"column":28}},"225":{"start":{"line":226,"column":0},"end":{"line":226,"column":17}},"226":{"start":{"line":227,"column":0},"end":{"line":227,"column":13}},"228":{"start":{"line":229,"column":0},"end":{"line":229,"column":33}},"229":{"start":{"line":230,"column":0},"end":{"line":230,"column":25}},"230":{"start":{"line":231,"column":0},"end":{"line":231,"column":61}},"231":{"start":{"line":232,"column":0},"end":{"line":232,"column":58}},"232":{"start":{"line":233,"column":0},"end":{"line":233,"column":19}},"233":{"start":{"line":234,"column":0},"end":{"line":234,"column":35}},"234":{"start":{"line":235,"column":0},"end":{"line":235,"column":9}},"235":{"start":{"line":236,"column":0},"end":{"line":236,"column":71}},"238":{"start":{"line":239,"column":0},"end":{"line":239,"column":61}},"239":{"start":{"line":240,"column":0},"end":{"line":240,"column":71}},"240":{"start":{"line":241,"column":0},"end":{"line":241,"column":42}},"242":{"start":{"line":243,"column":0},"end":{"line":243,"column":59}},"243":{"start":{"line":244,"column":0},"end":{"line":244,"column":41}},"245":{"start":{"line":246,"column":0},"end":{"line":246,"column":39}},"246":{"start":{"line":247,"column":0},"end":{"line":247,"column":55}},"247":{"start":{"line":248,"column":0},"end":{"line":248,"column":89}},"248":{"start":{"line":249,"column":0},"end":{"line":249,"column":31}},"249":{"start":{"line":250,"column":0},"end":{"line":250,"column":13}},"250":{"start":{"line":251,"column":0},"end":{"line":251,"column":62}},"251":{"start":{"line":252,"column":0},"end":{"line":252,"column":11}},"252":{"start":{"line":253,"column":0},"end":{"line":253,"column":63}},"254":{"start":{"line":255,"column":0},"end":{"line":255,"column":56}},"255":{"start":{"line":256,"column":0},"end":{"line":256,"column":72}},"256":{"start":{"line":257,"column":0},"end":{"line":257,"column":53}},"257":{"start":{"line":258,"column":0},"end":{"line":258,"column":45}},"260":{"start":{"line":261,"column":0},"end":{"line":261,"column":30}},"261":{"start":{"line":262,"column":0},"end":{"line":262,"column":64}},"264":{"start":{"line":265,"column":0},"end":{"line":265,"column":78}},"265":{"start":{"line":266,"column":0},"end":{"line":266,"column":35}},"266":{"start":{"line":267,"column":0},"end":{"line":267,"column":41}},"267":{"start":{"line":268,"column":0},"end":{"line":268,"column":17}},"268":{"start":{"line":269,"column":0},"end":{"line":269,"column":20}},"269":{"start":{"line":270,"column":0},"end":{"line":270,"column":16}},"270":{"start":{"line":271,"column":0},"end":{"line":271,"column":29}},"271":{"start":{"line":272,"column":0},"end":{"line":272,"column":9}},"272":{"start":{"line":273,"column":0},"end":{"line":273,"column":54}},"274":{"start":{"line":275,"column":0},"end":{"line":275,"column":60}},"275":{"start":{"line":276,"column":0},"end":{"line":276,"column":62}},"276":{"start":{"line":277,"column":0},"end":{"line":277,"column":41}},"279":{"start":{"line":280,"column":0},"end":{"line":280,"column":26}},"280":{"start":{"line":281,"column":0},"end":{"line":281,"column":60}},"283":{"start":{"line":284,"column":0},"end":{"line":284,"column":74}},"284":{"start":{"line":285,"column":0},"end":{"line":285,"column":31}},"285":{"start":{"line":286,"column":0},"end":{"line":286,"column":37}},"286":{"start":{"line":287,"column":0},"end":{"line":287,"column":13}},"287":{"start":{"line":288,"column":0},"end":{"line":288,"column":16}},"288":{"start":{"line":289,"column":0},"end":{"line":289,"column":30}},"295":{"start":{"line":296,"column":0},"end":{"line":296,"column":32}},"296":{"start":{"line":297,"column":0},"end":{"line":297,"column":97}},"297":{"start":{"line":298,"column":0},"end":{"line":298,"column":5}},"300":{"start":{"line":301,"column":0},"end":{"line":301,"column":16}},"301":{"start":{"line":302,"column":0},"end":{"line":302,"column":89}},"302":{"start":{"line":303,"column":0},"end":{"line":303,"column":5}},"305":{"start":{"line":306,"column":0},"end":{"line":306,"column":44}},"306":{"start":{"line":307,"column":0},"end":{"line":307,"column":78}},"307":{"start":{"line":308,"column":0},"end":{"line":308,"column":100}},"310":{"start":{"line":311,"column":0},"end":{"line":311,"column":81}},"311":{"start":{"line":312,"column":0},"end":{"line":312,"column":83}},"312":{"start":{"line":313,"column":0},"end":{"line":313,"column":85}},"313":{"start":{"line":314,"column":0},"end":{"line":314,"column":61}},"314":{"start":{"line":315,"column":0},"end":{"line":315,"column":79}},"315":{"start":{"line":316,"column":0},"end":{"line":316,"column":47}},"316":{"start":{"line":317,"column":0},"end":{"line":317,"column":51}},"317":{"start":{"line":318,"column":0},"end":{"line":318,"column":27}},"318":{"start":{"line":319,"column":0},"end":{"line":319,"column":108}},"319":{"start":{"line":320,"column":0},"end":{"line":320,"column":21}},"320":{"start":{"line":321,"column":0},"end":{"line":321,"column":17}},"321":{"start":{"line":322,"column":0},"end":{"line":322,"column":14}},"324":{"start":{"line":325,"column":0},"end":{"line":325,"column":50}},"325":{"start":{"line":326,"column":0},"end":{"line":326,"column":49}},"326":{"start":{"line":327,"column":0},"end":{"line":327,"column":84}},"327":{"start":{"line":328,"column":0},"end":{"line":328,"column":14}},"328":{"start":{"line":329,"column":0},"end":{"line":329,"column":82}},"329":{"start":{"line":330,"column":0},"end":{"line":330,"column":94}},"330":{"start":{"line":331,"column":0},"end":{"line":331,"column":118}},"331":{"start":{"line":332,"column":0},"end":{"line":332,"column":130}},"332":{"start":{"line":333,"column":0},"end":{"line":333,"column":17}},"333":{"start":{"line":334,"column":0},"end":{"line":334,"column":13}},"334":{"start":{"line":335,"column":0},"end":{"line":335,"column":10}},"335":{"start":{"line":336,"column":0},"end":{"line":336,"column":5}},"338":{"start":{"line":339,"column":0},"end":{"line":339,"column":46}},"339":{"start":{"line":340,"column":0},"end":{"line":340,"column":78}},"340":{"start":{"line":341,"column":0},"end":{"line":341,"column":100}},"343":{"start":{"line":344,"column":0},"end":{"line":344,"column":50}},"344":{"start":{"line":345,"column":0},"end":{"line":345,"column":34}},"345":{"start":{"line":346,"column":0},"end":{"line":346,"column":29}},"346":{"start":{"line":347,"column":0},"end":{"line":347,"column":49}},"347":{"start":{"line":348,"column":0},"end":{"line":348,"column":48}},"348":{"start":{"line":349,"column":0},"end":{"line":349,"column":42}},"349":{"start":{"line":350,"column":0},"end":{"line":350,"column":15}},"352":{"start":{"line":353,"column":0},"end":{"line":353,"column":81}},"353":{"start":{"line":354,"column":0},"end":{"line":354,"column":83}},"354":{"start":{"line":355,"column":0},"end":{"line":355,"column":85}},"355":{"start":{"line":356,"column":0},"end":{"line":356,"column":61}},"356":{"start":{"line":357,"column":0},"end":{"line":357,"column":79}},"357":{"start":{"line":358,"column":0},"end":{"line":358,"column":47}},"358":{"start":{"line":359,"column":0},"end":{"line":359,"column":51}},"359":{"start":{"line":360,"column":0},"end":{"line":360,"column":27}},"360":{"start":{"line":361,"column":0},"end":{"line":361,"column":118}},"361":{"start":{"line":362,"column":0},"end":{"line":362,"column":21}},"362":{"start":{"line":363,"column":0},"end":{"line":363,"column":17}},"363":{"start":{"line":364,"column":0},"end":{"line":364,"column":14}},"366":{"start":{"line":367,"column":0},"end":{"line":367,"column":50}},"367":{"start":{"line":368,"column":0},"end":{"line":368,"column":49}},"368":{"start":{"line":369,"column":0},"end":{"line":369,"column":84}},"369":{"start":{"line":370,"column":0},"end":{"line":370,"column":14}},"370":{"start":{"line":371,"column":0},"end":{"line":371,"column":84}},"371":{"start":{"line":372,"column":0},"end":{"line":372,"column":90}},"372":{"start":{"line":373,"column":0},"end":{"line":373,"column":123}},"373":{"start":{"line":374,"column":0},"end":{"line":374,"column":22}},"374":{"start":{"line":375,"column":0},"end":{"line":375,"column":91}},"375":{"start":{"line":376,"column":0},"end":{"line":376,"column":63}},"376":{"start":{"line":377,"column":0},"end":{"line":377,"column":54}},"377":{"start":{"line":378,"column":0},"end":{"line":378,"column":64}},"378":{"start":{"line":379,"column":0},"end":{"line":379,"column":62}},"379":{"start":{"line":380,"column":0},"end":{"line":380,"column":48}},"380":{"start":{"line":381,"column":0},"end":{"line":381,"column":22}},"381":{"start":{"line":382,"column":0},"end":{"line":382,"column":99}},"382":{"start":{"line":383,"column":0},"end":{"line":383,"column":118}},"383":{"start":{"line":384,"column":0},"end":{"line":384,"column":71}},"384":{"start":{"line":385,"column":0},"end":{"line":385,"column":21}},"385":{"start":{"line":386,"column":0},"end":{"line":386,"column":17}},"386":{"start":{"line":387,"column":0},"end":{"line":387,"column":13}},"387":{"start":{"line":388,"column":0},"end":{"line":388,"column":10}},"388":{"start":{"line":389,"column":0},"end":{"line":389,"column":5}},"391":{"start":{"line":392,"column":0},"end":{"line":392,"column":47}},"393":{"start":{"line":394,"column":0},"end":{"line":394,"column":78}},"394":{"start":{"line":395,"column":0},"end":{"line":395,"column":100}},"397":{"start":{"line":398,"column":0},"end":{"line":398,"column":81}},"398":{"start":{"line":399,"column":0},"end":{"line":399,"column":83}},"399":{"start":{"line":400,"column":0},"end":{"line":400,"column":85}},"400":{"start":{"line":401,"column":0},"end":{"line":401,"column":61}},"401":{"start":{"line":402,"column":0},"end":{"line":402,"column":79}},"402":{"start":{"line":403,"column":0},"end":{"line":403,"column":47}},"403":{"start":{"line":404,"column":0},"end":{"line":404,"column":51}},"404":{"start":{"line":405,"column":0},"end":{"line":405,"column":27}},"405":{"start":{"line":406,"column":0},"end":{"line":406,"column":120}},"406":{"start":{"line":407,"column":0},"end":{"line":407,"column":22}},"407":{"start":{"line":408,"column":0},"end":{"line":408,"column":65}},"408":{"start":{"line":409,"column":0},"end":{"line":409,"column":31}},"409":{"start":{"line":410,"column":0},"end":{"line":410,"column":44}},"410":{"start":{"line":411,"column":0},"end":{"line":411,"column":35}},"411":{"start":{"line":412,"column":0},"end":{"line":412,"column":22}},"412":{"start":{"line":413,"column":0},"end":{"line":413,"column":17}},"413":{"start":{"line":414,"column":0},"end":{"line":414,"column":14}},"416":{"start":{"line":417,"column":0},"end":{"line":417,"column":50}},"417":{"start":{"line":418,"column":0},"end":{"line":418,"column":49}},"418":{"start":{"line":419,"column":0},"end":{"line":419,"column":84}},"419":{"start":{"line":420,"column":0},"end":{"line":420,"column":14}},"420":{"start":{"line":421,"column":0},"end":{"line":421,"column":83}},"421":{"start":{"line":422,"column":0},"end":{"line":422,"column":38}},"423":{"start":{"line":424,"column":0},"end":{"line":424,"column":81}},"424":{"start":{"line":425,"column":0},"end":{"line":425,"column":115}},"425":{"start":{"line":426,"column":0},"end":{"line":426,"column":118}},"426":{"start":{"line":427,"column":0},"end":{"line":427,"column":25}},"429":{"start":{"line":430,"column":0},"end":{"line":430,"column":81}},"430":{"start":{"line":431,"column":0},"end":{"line":431,"column":118}},"431":{"start":{"line":432,"column":0},"end":{"line":432,"column":130}},"432":{"start":{"line":433,"column":0},"end":{"line":433,"column":25}},"434":{"start":{"line":435,"column":0},"end":{"line":435,"column":59}},"435":{"start":{"line":436,"column":0},"end":{"line":436,"column":40}},"436":{"start":{"line":437,"column":0},"end":{"line":437,"column":54}},"439":{"start":{"line":440,"column":0},"end":{"line":440,"column":46}},"440":{"start":{"line":441,"column":0},"end":{"line":441,"column":80}},"443":{"start":{"line":444,"column":0},"end":{"line":444,"column":94}},"444":{"start":{"line":445,"column":0},"end":{"line":445,"column":51}},"445":{"start":{"line":446,"column":0},"end":{"line":446,"column":57}},"446":{"start":{"line":447,"column":0},"end":{"line":447,"column":33}},"447":{"start":{"line":448,"column":0},"end":{"line":448,"column":36}},"448":{"start":{"line":449,"column":0},"end":{"line":449,"column":26}},"449":{"start":{"line":450,"column":0},"end":{"line":450,"column":71}},"450":{"start":{"line":451,"column":0},"end":{"line":451,"column":62}},"451":{"start":{"line":452,"column":0},"end":{"line":452,"column":39}},"452":{"start":{"line":453,"column":0},"end":{"line":453,"column":110}},"453":{"start":{"line":454,"column":0},"end":{"line":454,"column":64}},"454":{"start":{"line":455,"column":0},"end":{"line":455,"column":132}},"455":{"start":{"line":456,"column":0},"end":{"line":456,"column":62}},"456":{"start":{"line":457,"column":0},"end":{"line":457,"column":127}},"457":{"start":{"line":458,"column":0},"end":{"line":458,"column":21}},"458":{"start":{"line":459,"column":0},"end":{"line":459,"column":17}},"459":{"start":{"line":460,"column":0},"end":{"line":460,"column":13}},"460":{"start":{"line":461,"column":0},"end":{"line":461,"column":10}},"461":{"start":{"line":462,"column":0},"end":{"line":462,"column":5}},"464":{"start":{"line":465,"column":0},"end":{"line":465,"column":42}},"466":{"start":{"line":467,"column":0},"end":{"line":467,"column":78}},"467":{"start":{"line":468,"column":0},"end":{"line":468,"column":100}},"470":{"start":{"line":471,"column":0},"end":{"line":471,"column":81}},"471":{"start":{"line":472,"column":0},"end":{"line":472,"column":83}},"472":{"start":{"line":473,"column":0},"end":{"line":473,"column":85}},"473":{"start":{"line":474,"column":0},"end":{"line":474,"column":61}},"474":{"start":{"line":475,"column":0},"end":{"line":475,"column":79}},"475":{"start":{"line":476,"column":0},"end":{"line":476,"column":47}},"476":{"start":{"line":477,"column":0},"end":{"line":477,"column":51}},"477":{"start":{"line":478,"column":0},"end":{"line":478,"column":27}},"478":{"start":{"line":479,"column":0},"end":{"line":479,"column":121}},"479":{"start":{"line":480,"column":0},"end":{"line":480,"column":22}},"480":{"start":{"line":481,"column":0},"end":{"line":481,"column":65}},"481":{"start":{"line":482,"column":0},"end":{"line":482,"column":31}},"482":{"start":{"line":483,"column":0},"end":{"line":483,"column":44}},"483":{"start":{"line":484,"column":0},"end":{"line":484,"column":35}},"484":{"start":{"line":485,"column":0},"end":{"line":485,"column":22}},"485":{"start":{"line":486,"column":0},"end":{"line":486,"column":17}},"486":{"start":{"line":487,"column":0},"end":{"line":487,"column":14}},"489":{"start":{"line":490,"column":0},"end":{"line":490,"column":50}},"490":{"start":{"line":491,"column":0},"end":{"line":491,"column":49}},"491":{"start":{"line":492,"column":0},"end":{"line":492,"column":84}},"492":{"start":{"line":493,"column":0},"end":{"line":493,"column":14}},"493":{"start":{"line":494,"column":0},"end":{"line":494,"column":85}},"494":{"start":{"line":495,"column":0},"end":{"line":495,"column":108}},"495":{"start":{"line":496,"column":0},"end":{"line":496,"column":114}},"496":{"start":{"line":497,"column":0},"end":{"line":497,"column":110}},"497":{"start":{"line":498,"column":0},"end":{"line":498,"column":64}},"498":{"start":{"line":499,"column":0},"end":{"line":499,"column":132}},"499":{"start":{"line":500,"column":0},"end":{"line":500,"column":62}},"500":{"start":{"line":501,"column":0},"end":{"line":501,"column":127}},"501":{"start":{"line":502,"column":0},"end":{"line":502,"column":21}},"502":{"start":{"line":503,"column":0},"end":{"line":503,"column":17}},"503":{"start":{"line":504,"column":0},"end":{"line":504,"column":13}},"504":{"start":{"line":505,"column":0},"end":{"line":505,"column":10}},"505":{"start":{"line":506,"column":0},"end":{"line":506,"column":5}},"510":{"start":{"line":511,"column":0},"end":{"line":511,"column":44}},"511":{"start":{"line":512,"column":0},"end":{"line":512,"column":81}},"512":{"start":{"line":513,"column":0},"end":{"line":513,"column":81}},"513":{"start":{"line":514,"column":0},"end":{"line":514,"column":85}},"514":{"start":{"line":515,"column":0},"end":{"line":515,"column":10}},"515":{"start":{"line":516,"column":0},"end":{"line":516,"column":5}},"517":{"start":{"line":518,"column":0},"end":{"line":518,"column":67}},"518":{"start":{"line":519,"column":0},"end":{"line":519,"column":26}},"519":{"start":{"line":520,"column":0},"end":{"line":520,"column":81}},"520":{"start":{"line":521,"column":0},"end":{"line":521,"column":71}},"521":{"start":{"line":522,"column":0},"end":{"line":522,"column":10}},"522":{"start":{"line":523,"column":0},"end":{"line":523,"column":5}},"524":{"start":{"line":525,"column":0},"end":{"line":525,"column":86}},"527":{"start":{"line":528,"column":0},"end":{"line":528,"column":74}},"528":{"start":{"line":529,"column":0},"end":{"line":529,"column":96}},"531":{"start":{"line":532,"column":0},"end":{"line":532,"column":48}},"532":{"start":{"line":533,"column":0},"end":{"line":533,"column":38}},"533":{"start":{"line":534,"column":0},"end":{"line":534,"column":10}},"534":{"start":{"line":535,"column":0},"end":{"line":535,"column":79}},"535":{"start":{"line":536,"column":0},"end":{"line":536,"column":81}},"536":{"start":{"line":537,"column":0},"end":{"line":537,"column":57}},"537":{"start":{"line":538,"column":0},"end":{"line":538,"column":75}},"538":{"start":{"line":539,"column":0},"end":{"line":539,"column":43}},"539":{"start":{"line":540,"column":0},"end":{"line":540,"column":47}},"540":{"start":{"line":541,"column":0},"end":{"line":541,"column":23}},"541":{"start":{"line":542,"column":0},"end":{"line":542,"column":117}},"542":{"start":{"line":543,"column":0},"end":{"line":543,"column":18}},"543":{"start":{"line":544,"column":0},"end":{"line":544,"column":61}},"544":{"start":{"line":545,"column":0},"end":{"line":545,"column":27}},"545":{"start":{"line":546,"column":0},"end":{"line":546,"column":40}},"546":{"start":{"line":547,"column":0},"end":{"line":547,"column":31}},"547":{"start":{"line":548,"column":0},"end":{"line":548,"column":18}},"548":{"start":{"line":549,"column":0},"end":{"line":549,"column":13}},"549":{"start":{"line":550,"column":0},"end":{"line":550,"column":10}},"552":{"start":{"line":553,"column":0},"end":{"line":553,"column":45}},"553":{"start":{"line":554,"column":0},"end":{"line":554,"column":48}},"554":{"start":{"line":555,"column":0},"end":{"line":555,"column":10}},"555":{"start":{"line":556,"column":0},"end":{"line":556,"column":48}},"556":{"start":{"line":557,"column":0},"end":{"line":557,"column":49}},"557":{"start":{"line":558,"column":0},"end":{"line":558,"column":36}},"558":{"start":{"line":559,"column":0},"end":{"line":559,"column":27}},"559":{"start":{"line":560,"column":0},"end":{"line":560,"column":70}},"560":{"start":{"line":561,"column":0},"end":{"line":561,"column":77}},"561":{"start":{"line":562,"column":0},"end":{"line":562,"column":55}},"562":{"start":{"line":563,"column":0},"end":{"line":563,"column":42}},"563":{"start":{"line":564,"column":0},"end":{"line":564,"column":10}},"566":{"start":{"line":567,"column":0},"end":{"line":567,"column":64}},"567":{"start":{"line":568,"column":0},"end":{"line":568,"column":27}},"568":{"start":{"line":569,"column":0},"end":{"line":569,"column":20}},"569":{"start":{"line":570,"column":0},"end":{"line":570,"column":25}},"570":{"start":{"line":571,"column":0},"end":{"line":571,"column":11}},"573":{"start":{"line":574,"column":0},"end":{"line":574,"column":46}},"574":{"start":{"line":575,"column":0},"end":{"line":575,"column":107}},"575":{"start":{"line":576,"column":0},"end":{"line":576,"column":68}},"576":{"start":{"line":577,"column":0},"end":{"line":577,"column":10}},"577":{"start":{"line":578,"column":0},"end":{"line":578,"column":82}},"578":{"start":{"line":579,"column":0},"end":{"line":579,"column":78}},"579":{"start":{"line":580,"column":0},"end":{"line":580,"column":57}},"580":{"start":{"line":581,"column":0},"end":{"line":581,"column":42}},"581":{"start":{"line":582,"column":0},"end":{"line":582,"column":50}},"582":{"start":{"line":583,"column":0},"end":{"line":583,"column":22}},"583":{"start":{"line":584,"column":0},"end":{"line":584,"column":92}},"584":{"start":{"line":585,"column":0},"end":{"line":585,"column":65}},"585":{"start":{"line":586,"column":0},"end":{"line":586,"column":61}},"586":{"start":{"line":587,"column":0},"end":{"line":587,"column":53}},"587":{"start":{"line":588,"column":0},"end":{"line":588,"column":42}},"588":{"start":{"line":589,"column":0},"end":{"line":589,"column":97}},"589":{"start":{"line":590,"column":0},"end":{"line":590,"column":68}},"590":{"start":{"line":591,"column":0},"end":{"line":591,"column":63}},"591":{"start":{"line":592,"column":0},"end":{"line":592,"column":62}},"592":{"start":{"line":593,"column":0},"end":{"line":593,"column":34}},"593":{"start":{"line":594,"column":0},"end":{"line":594,"column":54}},"594":{"start":{"line":595,"column":0},"end":{"line":595,"column":95}},"595":{"start":{"line":596,"column":0},"end":{"line":596,"column":71}},"596":{"start":{"line":597,"column":0},"end":{"line":597,"column":64}},"597":{"start":{"line":598,"column":0},"end":{"line":598,"column":43}},"598":{"start":{"line":599,"column":0},"end":{"line":599,"column":33}},"599":{"start":{"line":600,"column":0},"end":{"line":600,"column":29}},"600":{"start":{"line":601,"column":0},"end":{"line":601,"column":26}},"601":{"start":{"line":602,"column":0},"end":{"line":602,"column":71}},"602":{"start":{"line":603,"column":0},"end":{"line":603,"column":37}},"603":{"start":{"line":604,"column":0},"end":{"line":604,"column":57}},"604":{"start":{"line":605,"column":0},"end":{"line":605,"column":57}},"605":{"start":{"line":606,"column":0},"end":{"line":606,"column":50}},"606":{"start":{"line":607,"column":0},"end":{"line":607,"column":26}},"607":{"start":{"line":608,"column":0},"end":{"line":608,"column":21}},"608":{"start":{"line":609,"column":0},"end":{"line":609,"column":17}},"609":{"start":{"line":610,"column":0},"end":{"line":610,"column":13}},"610":{"start":{"line":611,"column":0},"end":{"line":611,"column":10}},"613":{"start":{"line":614,"column":0},"end":{"line":614,"column":77}},"614":{"start":{"line":615,"column":0},"end":{"line":615,"column":79}},"615":{"start":{"line":616,"column":0},"end":{"line":616,"column":55}},"616":{"start":{"line":617,"column":0},"end":{"line":617,"column":44}},"617":{"start":{"line":618,"column":0},"end":{"line":618,"column":72}},"618":{"start":{"line":619,"column":0},"end":{"line":619,"column":58}},"619":{"start":{"line":620,"column":0},"end":{"line":620,"column":58}},"620":{"start":{"line":621,"column":0},"end":{"line":621,"column":18}},"621":{"start":{"line":622,"column":0},"end":{"line":622,"column":88}},"622":{"start":{"line":623,"column":0},"end":{"line":623,"column":26}},"623":{"start":{"line":624,"column":0},"end":{"line":624,"column":17}},"624":{"start":{"line":625,"column":0},"end":{"line":625,"column":14}},"625":{"start":{"line":626,"column":0},"end":{"line":626,"column":78}},"626":{"start":{"line":627,"column":0},"end":{"line":627,"column":103}},"627":{"start":{"line":628,"column":0},"end":{"line":628,"column":56}},"628":{"start":{"line":629,"column":0},"end":{"line":629,"column":44}},"629":{"start":{"line":630,"column":0},"end":{"line":630,"column":43}},"630":{"start":{"line":631,"column":0},"end":{"line":631,"column":48}},"631":{"start":{"line":632,"column":0},"end":{"line":632,"column":22}},"632":{"start":{"line":633,"column":0},"end":{"line":633,"column":17}},"633":{"start":{"line":634,"column":0},"end":{"line":634,"column":14}},"634":{"start":{"line":635,"column":0},"end":{"line":635,"column":79}},"635":{"start":{"line":636,"column":0},"end":{"line":636,"column":55}},"636":{"start":{"line":637,"column":0},"end":{"line":637,"column":73}},"637":{"start":{"line":638,"column":0},"end":{"line":638,"column":65}},"638":{"start":{"line":639,"column":0},"end":{"line":639,"column":97}},"639":{"start":{"line":640,"column":0},"end":{"line":640,"column":90}},"640":{"start":{"line":641,"column":0},"end":{"line":641,"column":18}},"641":{"start":{"line":642,"column":0},"end":{"line":642,"column":63}},"642":{"start":{"line":643,"column":0},"end":{"line":643,"column":87}},"643":{"start":{"line":644,"column":0},"end":{"line":644,"column":17}},"644":{"start":{"line":645,"column":0},"end":{"line":645,"column":13}},"645":{"start":{"line":646,"column":0},"end":{"line":646,"column":9}},"646":{"start":{"line":647,"column":0},"end":{"line":647,"column":6}},"647":{"start":{"line":648,"column":0},"end":{"line":648,"column":2}}},"s":{"2":0,"3":0,"4":0,"5":0,"6":0,"7":0,"8":0,"11":0,"13":0,"15":0,"16":0,"17":0,"20":0,"21":0,"22":0,"23":0,"24":0,"25":0,"26":0,"28":0,"31":0,"32":0,"36":0,"39":0,"40":0,"42":0,"43":0,"44":0,"45":0,"46":0,"49":0,"50":0,"51":0,"52":0,"53":0,"54":0,"55":0,"56":0,"57":0,"58":0,"59":0,"60":0,"63":0,"64":0,"65":0,"66":0,"69":0,"70":0,"71":0,"74":0,"75":0,"76":0,"77":0,"78":0,"79":0,"80":0,"81":0,"82":0,"83":0,"84":0,"85":0,"87":0,"88":0,"91":0,"92":0,"95":0,"96":0,"97":0,"98":0,"100":0,"101":0,"102":0,"105":0,"106":0,"107":0,"109":0,"110":0,"111":0,"114":0,"115":0,"116":0,"117":0,"118":0,"119":0,"122":0,"123":0,"124":0,"125":0,"126":0,"127":0,"130":0,"131":0,"132":0,"133":0,"134":0,"137":0,"138":0,"140":0,"141":0,"144":0,"146":0,"148":0,"150":0,"151":0,"152":0,"153":0,"154":0,"155":0,"156":0,"157":0,"158":0,"159":0,"160":0,"161":0,"164":0,"165":0,"166":0,"167":0,"168":0,"169":0,"170":0,"171":0,"174":0,"175":0,"176":0,"177":0,"178":0,"179":0,"180":0,"181":0,"182":0,"183":0,"185":0,"187":0,"189":0,"190":0,"191":0,"192":0,"193":0,"194":0,"196":0,"197":0,"198":0,"200":0,"201":0,"203":0,"205":0,"208":0,"209":0,"210":0,"211":0,"212":0,"213":0,"214":0,"216":0,"218":0,"219":0,"221":0,"222":0,"223":0,"224":0,"225":0,"226":0,"228":0,"229":0,"230":0,"231":0,"232":0,"233":0,"234":0,"235":0,"238":0,"239":0,"240":0,"242":0,"243":0,"245":0,"246":0,"247":0,"248":0,"249":0,"250":0,"251":0,"252":0,"254":0,"255":0,"256":0,"257":0,"260":0,"261":0,"264":0,"265":0,"266":0,"267":0,"268":0,"269":0,"270":0,"271":0,"272":0,"274":0,"275":0,"276":0,"279":0,"280":0,"283":0,"284":0,"285":0,"286":0,"287":0,"288":0,"295":0,"296":0,"297":0,"300":0,"301":0,"302":0,"305":0,"306":0,"307":0,"310":0,"311":0,"312":0,"313":0,"314":0,"315":0,"316":0,"317":0,"318":0,"319":0,"320":0,"321":0,"324":0,"325":0,"326":0,"327":0,"328":0,"329":0,"330":0,"331":0,"332":0,"333":0,"334":0,"335":0,"338":0,"339":0,"340":0,"343":0,"344":0,"345":0,"346":0,"347":0,"348":0,"349":0,"352":0,"353":0,"354":0,"355":0,"356":0,"357":0,"358":0,"359":0,"360":0,"361":0,"362":0,"363":0,"366":0,"367":0,"368":0,"369":0,"370":0,"371":0,"372":0,"373":0,"374":0,"375":0,"376":0,"377":0,"378":0,"379":0,"380":0,"381":0,"382":0,"383":0,"384":0,"385":0,"386":0,"387":0,"388":0,"391":0,"393":0,"394":0,"397":0,"398":0,"399":0,"400":0,"401":0,"402":0,"403":0,"404":0,"405":0,"406":0,"407":0,"408":0,"409":0,"410":0,"411":0,"412":0,"413":0,"416":0,"417":0,"418":0,"419":0,"420":0,"421":0,"423":0,"424":0,"425":0,"426":0,"429":0,"430":0,"431":0,"432":0,"434":0,"435":0,"436":0,"439":0,"440":0,"443":0,"444":0,"445":0,"446":0,"447":0,"448":0,"449":0,"450":0,"451":0,"452":0,"453":0,"454":0,"455":0,"456":0,"457":0,"458":0,"459":0,"460":0,"461":0,"464":0,"466":0,"467":0,"470":0,"471":0,"472":0,"473":0,"474":0,"475":0,"476":0,"477":0,"478":0,"479":0,"480":0,"481":0,"482":0,"483":0,"484":0,"485":0,"486":0,"489":0,"490":0,"491":0,"492":0,"493":0,"494":0,"495":0,"496":0,"497":0,"498":0,"499":0,"500":0,"501":0,"502":0,"503":0,"504":0,"505":0,"510":0,"511":0,"512":0,"513":0,"514":0,"515":0,"517":0,"518":0,"519":0,"520":0,"521":0,"522":0,"524":0,"527":0,"528":0,"531":0,"532":0,"533":0,"534":0,"535":0,"536":0,"537":0,"538":0,"539":0,"540":0,"541":0,"542":0,"543":0,"544":0,"545":0,"546":0,"547":0,"548":0,"549":0,"552":0,"553":0,"554":0,"555":0,"556":0,"557":0,"558":0,"559":0,"560":0,"561":0,"562":0,"563":0,"566":0,"567":0,"568":0,"569":0,"570":0,"573":0,"574":0,"575":0,"576":0,"577":0,"578":0,"579":0,"580":0,"581":0,"582":0,"583":0,"584":0,"585":0,"586":0,"587":0,"588":0,"589":0,"590":0,"591":0,"592":0,"593":0,"594":0,"595":0,"596":0,"597":0,"598":0,"599":0,"600":0,"601":0,"602":0,"603":0,"604":0,"605":0,"606":0,"607":0,"608":0,"609":0,"610":0,"613":0,"614":0,"615":0,"616":0,"617":0,"618":0,"619":0,"620":0,"621":0,"622":0,"623":0,"624":0,"625":0,"626":0,"627":0,"628":0,"629":0,"630":0,"631":0,"632":0,"633":0,"634":0,"635":0,"636":0,"637":0,"638":0,"639":0,"640":0,"641":0,"642":0,"643":0,"644":0,"645":0,"646":0,"647":0},"branchMap":{"0":{"type":"branch","line":1,"loc":{"start":{"line":1,"column":30325},"end":{"line":648,"column":2}},"locations":[{"start":{"line":1,"column":30325},"end":{"line":648,"column":2}}]}},"b":{"0":[1]},"fnMap":{"0":{"name":"(empty-report)","decl":{"start":{"line":1,"column":30325},"end":{"line":648,"column":2}},"loc":{"start":{"line":1,"column":30325},"end":{"line":648,"column":2}},"line":1}},"f":{"0":1}}
,"C:\\Users\\TroyWilson\\source\\survey-app\\survey-taker\\js\\components\\survey-footer.ts": {"path":"C:\\Users\\TroyWilson\\source\\survey-app\\survey-taker\\js\\components\\survey-footer.ts","all":true,"statementMap":{"4":{"start":{"line":5,"column":0},"end":{"line":5,"column":60}},"6":{"start":{"line":7,"column":0},"end":{"line":7,"column":59}},"7":{"start":{"line":8,"column":0},"end":{"line":8,"column":22}},"8":{"start":{"line":9,"column":0},"end":{"line":9,"column":16}},"9":{"start":{"line":10,"column":0},"end":{"line":10,"column":18}},"10":{"start":{"line":11,"column":0},"end":{"line":11,"column":15}},"11":{"start":{"line":12,"column":0},"end":{"line":12,"column":13}},"12":{"start":{"line":13,"column":0},"end":{"line":13,"column":9}},"13":{"start":{"line":14,"column":0},"end":{"line":14,"column":12}},"14":{"start":{"line":15,"column":0},"end":{"line":15,"column":7}},"15":{"start":{"line":16,"column":0},"end":{"line":16,"column":66}},"17":{"start":{"line":18,"column":0},"end":{"line":18,"column":78}},"18":{"start":{"line":19,"column":0},"end":{"line":19,"column":71}},"19":{"start":{"line":20,"column":0},"end":{"line":20,"column":45}},"20":{"start":{"line":21,"column":0},"end":{"line":21,"column":28}},"21":{"start":{"line":22,"column":0},"end":{"line":22,"column":60}},"22":{"start":{"line":23,"column":0},"end":{"line":23,"column":46}},"23":{"start":{"line":24,"column":0},"end":{"line":24,"column":46}},"24":{"start":{"line":25,"column":0},"end":{"line":25,"column":8}},"25":{"start":{"line":26,"column":0},"end":{"line":26,"column":76}},"26":{"start":{"line":27,"column":0},"end":{"line":27,"column":14}},"27":{"start":{"line":28,"column":0},"end":{"line":28,"column":7}},"28":{"start":{"line":29,"column":0},"end":{"line":29,"column":6}},"29":{"start":{"line":30,"column":0},"end":{"line":30,"column":70}},"30":{"start":{"line":31,"column":0},"end":{"line":31,"column":95}},"31":{"start":{"line":32,"column":0},"end":{"line":32,"column":48}},"32":{"start":{"line":33,"column":0},"end":{"line":33,"column":36}},"33":{"start":{"line":34,"column":0},"end":{"line":34,"column":35}},"34":{"start":{"line":35,"column":0},"end":{"line":35,"column":40}},"35":{"start":{"line":36,"column":0},"end":{"line":36,"column":14}},"36":{"start":{"line":37,"column":0},"end":{"line":37,"column":9}},"37":{"start":{"line":38,"column":0},"end":{"line":38,"column":6}},"38":{"start":{"line":39,"column":0},"end":{"line":39,"column":71}},"39":{"start":{"line":40,"column":0},"end":{"line":40,"column":45}},"40":{"start":{"line":41,"column":0},"end":{"line":41,"column":53}},"41":{"start":{"line":42,"column":0},"end":{"line":42,"column":51}},"42":{"start":{"line":43,"column":0},"end":{"line":43,"column":85}},"43":{"start":{"line":44,"column":0},"end":{"line":44,"column":78}},"44":{"start":{"l
[...]
,"C:\\Users\\TroyWilson\\source\\survey-app\\survey-taker\\js\\utils\\dynamic-positioning.ts": {"path":"C:\\Users\\TroyWilson\\source\\survey-app\\survey-taker\\js\\utils\\dynamic-positioning.ts","all":true,"statementMap":{"4":{"start":{"line":5,"column":0},"end":{"line":5,"column":60}},"6":{"start":{"line":7,"column":0},"end":{"line":7,"column":86}},"7":{"start":{"line":8,"column":0},"end":{"line":8,"column":85}},"8":{"start":{"line":9,"column":0},"end":{"line":9,"column":37}},"9":{"start":{"line":10,"column":0},"end":{"line":10,"column":36}},"10":{"start":{"line":11,"column":0},"end":{"line":11,"column":7}},"12":{"start":{"line":13,"column":0},"end":{"line":13,"column":35}},"13":{"start":{"line":14,"column":0},"end":{"line":14,"column":55}},"14":{"start":{"line":15,"column":0},"end":{"line":15,"column":59}},"16":{"start":{"line":17,"column":0},"end":{"line":17,"column":39}},"17":{"start":{"line":18,"column":0},"end":{"line":18,"column":17}},"18":{"start":{"line":19,"column":0},"end":{"line":19,"column":64}},"19":{"start":{"line":20,"column":0},"end":{"line":20,"column":97}},"20":{"start":{"line":21,"column":0},"end":{"line":21,"column":105}},"21":{"start":{"line":22,"column":0},"end":{"line":22,"column":90}},"23":{"start":{"line":24,"column":0},"end":{"line":24,"column":95}},"24":{"start":{"line":25,"column":0},"end":{"line":25,"column":99}},"25":{"start":{"line":26,"column":0},"end":{"line":26,"column":82}},"26":{"start":{"line":27,"column":0},"end":{"line":27,"column":108}},"28":{"start":{"line":29,"column":0},"end":{"line":29,"column":38}},"29":{"start":{"line":30,"column":0},"end":{"line":30,"column":72}},"30":{"start":{"line":31,"column":0},"end":{"line":31,"column":71}},"31":{"start":{"line":32,"column":0},"end":{"line":32,"column":23}},"32":{"start":{"line":33,"column":0},"end":{"line":33,"column":24}},"33":{"start":{"line":34,"column":0},"end":{"line":34,"column":38}},"34":{"start":{"line":35,"column":0},"end":{"line":35,"column":64}},"35":{"start":{"line":36,"column":0},"end":{"line":36,"column":65}},"36":{"start":{"line":37,"column":0},"end":{"line":37,"column":23}},"37":{"start":{"line":38,"column":0},"end":{"line":38,"column":17}},"38":{"start":{"line":39,"column":0},"end":{"line":39,"column":29}},"39":{"start":{"line":40,"column":0},"end":{"line":40,"column":66}},"41":{"start":{"line":42,"column":0},"end":{"line":42,"column":34}},"42":{"start":{"line":43,"column":0},"end":{"line":43,"column":60}},"43":{"start":{"line":44,"column":0},"end":{"line":44,"column":61}},"44":{"start":{"line":45,"column":0},"end":{"line":45,"column":19}},"45":{"start":{"line":46,"column":0},"end":{"line":46,"column":13}},"46":{"start":{"line":47,"column":0},"end":{"line":47,"column":10}},"49":{"start":{"line":50,"column":0},"end":{"line":50,"column":62}},"52":{"start":{"line":53,"column":0},"end":{"line":53,"column":13}},"53":{"start":{"line":54,"column":0},"end":{"line":54,"column":65}},"54":{"start":{"line":55,"column":0},"end":{"line":55,"column":69}},"56":{"start":{"line":57,"column":0},"end":{"line":57,"column":93}},"57":{"start":{"line":58,"column":0},"end":{"line":58,"column":40}},"58":{"start":{"line":59,"column":0},"end":{"line":59,"column":62}},"59":{"start":{"line":60,"column":0},"end":{"line":60,"column":65}},"60":{"start":{"line":61,"column":0},"end":{"line":61,"column":36}},"61":{"start":{"line":62,"column":0},"end":{"line":62,"column":34}},"62":{"start":{"line":63,"column":0},"end":{"line":63,"column":39}},"63":{"start":{"line":64,"column":0},"end":{"line":64,"column":19}},"64":{"start":{"line":65,"column":0},"end":{"line":65,"column":13}},"65":{"start":{"line":66,"column":0},"end":{"line":66,"column":25}},"66":{"start":{"line":67,"column":0},"end":{"line":67,"column":85}},"67":{"start":{"line":68,"column":0},"end":{"line":68,"column":9}},"70":{"start":{"line":71,"column":0},"end":{"line":71,"column":32}},"71":{"start":{"line":72,"column":0},"end":{"line":72,"column":36}},"72":{"start":{"line":73,"column":0},"end":{"line":73,"column":38}},"73":{"start":{"line":74,"column":0},"end":{"line":74,"column":59}},"74":{"start":{"line":75,"column":0},"end":{"line":75,"column":10}},"76":{"start":{"line":77,"column":0},"end":{"line":77,"column":56}},"78":{"start":{"line":79,"column":0},"end":{"line":79,"column":22}},"79":{"start":{"line":80,"column":0},"end":{"line":80,"column":39}},"80":{"start":{"line":81,"column":0},"end":{"line":81,"column":38}},"82":{"start":{"line":83,"column":0},"end":{"line":83,"column":33}},"83":{"start":{"line":84,"column":0},"end":{"line":84,"column":44}},"84":{"start":{"line":85,"column":0},"end":{"line":85,"column":13}},"85":{"start":{"line":86,"column":0},"end":{"line":86,"column":35}},"86":{"start":{"line":87,"column":0},"end":{"line":87,"column":46}},"87":{"start":{"line":88,"column":0},"end":{"line":88,"column":13}},"89":{"start":{"line":90,"column":0},"end":{"line":90,"column":63}},"90":{"start":{"line":91,"column":0},"end":{"line":91,"column":10}},"91":{"start":{"line":92,"column":0},"end":{"line":92,"column":61}},"93":{"start":{"line":94,"column":0},"end":{"line":94,"column":25}},"94":{"start":{"line":95,"column":0},"end":{"line":95,"column":2}}},"s":{"4":0,"6":0,"7":0,"8":0,"9":0,"10":0,"12":0,"13":0,"14":0,"16":0,"17":0,"18":0,"19":0,"20":0,"21":0,"23":0,"24":0,"25":0,"26":0,"28":0,"29":0,"30":0,"31":0,"32":0,"33":0,"34":0,"35":0,"36":0,"37":0,"38":0,"39":0,"41":0,"42":0,"43":0,"44":0,"45":0,"46":0,"49":0,"52":0,"53":0,"54":0,"56":0,"57":0,"58":0,"59":0,"60":0,"61":0,"62":0,"63":0,"64":0,"65":0,"66":0,"67":0,"70":0,"71":0,"72":0,"73":0,"74":0,"76":0,"78":0,"79":0,"80":0,"82":0,"83":0,"84":0,"85":0,"86":0,"87":0,"89":0,"90":0,"91":0,"93":0,"94":0},"branchMap":{"0":{"type":"branch","line":1,"loc":{"start":{"line":1,"column":3941},"end":{"line":95,"column":2}},"locations":[{"start":{"line":1,"column":3941},"end":{"line":95,"column":2}}]}},"b":{"0":[1]},"fnMap":{"0":{"name":"(empty-report)","decl":{"start":{"line":1,"column":3941},"end":{"line":95,"column":2}},"loc":{"start":{"line":1,"column":3941},"end":{"line":95,"column":2}},"line":1}},"f":{"0":1}}
,"C:\\Users\\TroyWilson\\source\\survey-app\\survey-taker\\js\\utils\\react-wrapper.ts": {"path":"C:\\Users\\TroyWilson\\source\\survey-app\\survey-taker\\js\\utils\\react-wrapper.ts","all":true,"statementMap":{"10":{"start":{"line":11,"column":0},"end":{"line":11,"column":41}}},"s":{"10":0},"branchMap":{"0":{"type":"branch","line":1,"loc":{"start":{"line":1,"column":1068},"end":{"line":30,"column":46}},"locations":[{"start":{"line":1,"column":1068},"end":{"line":30,"column":46}}]}},"b":{"0":[1]},"fnMap":{"0":{"name":"(empty-report)","decl":{"start":{"line":1,"column":1068},"end":{"line":30,"column":46}},"loc":{"start":{"line":1,"column":1068},"end":{"line":30,"column":46}},"line":1}},"f":{"0":1}}
,"C:\\Users\\TroyWilson\\source\\survey-app\\survey-taker\\js\\utils\\survey-validation.ts": {"path":"C:\\Users\\TroyWilson\\source\\survey-app\\survey-taker\\js\\utils\\survey-validation.ts","all":true,"statementMap":{"4":{"start":{"line":5,"column":0},"end":{"line":5,"column":60}},"6":{"start":{"line":7,"column":0},"end":{"line":7,"column":42}},"7":{"start":{"line":8,"column":0},"end":{"line":8,"column":96}},"8":{"start":{"line":9,"column":0},"end":{"line":9,"column":13}},"9":{"start":{"line":10,"column":0},"end":{"line":10,"column":64}},"10":{"start":{"line":11,"column":0},"end":{"line":11,"column":86}},"11":{"start":{"line":12,"column":0},"end":{"line":12,"column":13}},"14":{"start":{"line":15,"column":0},"end":{"line":15,"column":33}},"15":{"start":{"line":16,"column":0},"end":{"line":16,"column":90}},"16":{"start":{"line":17,"column":0},"end":{"line":17,"column":13}},"18":{"start":{"line":19,"column":0},"end":{"line":19,"column":36}},"19":{"start":{"line":20,"column":0},"end":{"line":20,"column":93}},"20":{"start":{"line":21,"column":0},"end":{"line":21,"column":13}},"23":{"start":{"line":24,"column":0},"end":{"line":24,"column":124}},"24":{"start":{"line":25,"column":0},"end":{"line":25,"column":128}},"26":{"start":{"line":27,"column":0},"end":{"line":27,"column":48}},"27":{"start":{"line":28,"column":0},"end":{"line":28,"column":108}},"28":{"start":{"line":29,"column":0},"end":{"line":29,"column":13}},"31":{"start":{"line":32,"column":0},"end":{"line":32,"column":30}},"32":{"start":{"line":33,"column":0},"end":{"line":33,"column":70}},"33":{"start":{"line":34,"column":0},"end":{"line":34,"column":59}},"34":{"start":{"line":35,"column":0},"end":{"line":35,"column":74}},"35":{"start":{"line":36,"column":0},"end":{"line":36,"column":53}},"36":{"start":{"line":37,"column":0},"end":{"line":37,"column":105}},"37":{"start":{"line":38,"column":0},"end":{"line":38,"column":21}},"38":{"start":{"line":39,"column":0},"end":{"line":39,"column":17}},"39":{"start":{"line":40,"column":0},"end":{"line":40,"column":13}},"42":{"start":{"line":43,"column":0},"end":{"line":43,"column":31}},"43":{"start":{"line":44,"column":0},"end":{"line":44,"column":72}},"44":{"start":{"line":45,"column":0},"end":{"line":45,"column":62}},"45":{"start":{"line":46,"column":0},"end":{"line":46,"column":77}},"46":{"start":{"line":47,"column":0},"end":{"line":47,"column":54}},"47":{"start":{"line":48,"column":0},"end":{"line":48,"column":107}},"48":{"start":{"line":49,"column":0},"end":{"line":49,"column":21}},"49":{"start":{"line":50,"column":0},"end":{"line":50,"column":17}},"50":{"start":{"line":51,"column":0},"end":{"line":51,"column":13}},"52":{"start":{"line":53,"column":0},"end":{"line":53,"column":37}},"53":{"start":{"line":54,"column":0},"end":{"line":54,"column":25}},"54":{"start":{"line":55,"column":0},"end":{"line":55,"column":126}},"55":{"start":{"line":56,"column":0},"end":{"line":56,"column":9}},"56":{"start":{"line":57,"column":0},"end":{"line":57,"column":11}},"58":{"start":{"line":59,"column":0},"end":{"line":59,"column":117}},"59":{"start":{"line":60,"column":0},"end":{"line":60,"column":54}},"60":{"start":{"line":61,"column":0},"end":{"line":61,"column":78}},"61":{"start":{"line":62,"column":0},"end":{"line":62,"column":9}},"63":{"start":{"line":64,"column":0},"end":{"line":64,"column":26}},"64":{"start":{"line":65,"column":0},"end":{"line":65,"column":87}},"65":{"start":{"line":66,"column":0},"end":{"line":66,"column":9}},"67":{"start":{"line":68,"column":0},"end":{"line":68,"column":29}},"68":{"start":{"line":69,"column":0},"end":{"line":69,"column":90}},"69":{"start":{"line":70,"column":0},"end":{"line":70,"column":9}},"71":{"start":{"line":72,"column":0},"end":{"line":72,"column":70}},"72":{"start":{"line":73,"column":0},"end":{"line":73,"column":86}},"73":{"start":{"line":74,"column":0},"end":{"line":74,"column":9}},"75":{"start":{"line":76,"column":0},"end":{"line":76,"column":45}},"76":{"start":{"line":77,"column":0},"end":{"line":77,"column":88}},"77":{"start":{"line":78,"column":0},"end":{"line":78,"column":9}},"80":{"start":{"line":81,"column":0},"end":{"line":81,"column":60}},"81":{"start":{"line":82,"column":0},"end":{"line":82,"column":50}},"82":{"start":{"line":83,"column":0},"end":{"line":83,"column":69}},"83":{"start":{"line":84,"column":0},"end":{"line":84,"column":46}},"84":{"start":{"line":85,"column":0},"end":{"line":85,"column":99}},"85":{"start":{"line":86,"column":0},"end":{"line":86,"column":13}},"86":{"start":{"line":87,"column":0},"end":{"line":87,"column":9}},"88":{"start":{"line":89,"column":0},"end":{"line":89,"column":33}},"89":{"start":{"line":90,"column":0},"end":{"line":90,"column":11}},"91":{"start":{"line":92,"column":0},"end":{"line":92,"column":120}},"92":{"start":{"line":93,"column":0},"end":{"line":93,"column":56}},"93":{"start":{"line":94,"column":0},"end":{"line":94,"column":79}},"94":{"start":{"line":95,"column":0},"end":{"line":95,"column":9}},"96":{"start":{"line":97,"column":0},"end":{"line":97,"column":27}},"97":{"start":{"line":98,"column":0},"end":{"line":98,"column":88}},"98":{"start":{"line":99,"column":0},"end":{"line":99,"column":9}},"100":{"start":{"line":101,"column":0},"end":{"line":101,"column":74}},"101":{"start":{"line":102,"column":0},"end":{"line":102,"column":94}},"102":{"start":{"line":103,"column":0},"end":{"line":103,"column":9}},"104":{"start":{"line":105,"column":0},"end":{"line":105,"column":66}},"105":{"start":{"line":106,"column":0},"end":{"line":106,"column":90}},"106":{"start":{"line":107,"column":0},"end":{"line":107,"column":9}},"109":{"start":{"line":110,"column":0},"end":{"line":110,"column":113}},"110":{"start":{"line":111,"column":0},"end":{"line":111,"column":66}},"111":{"start":{"line":112,"column":0},"end":{"line":112,"column":130}},"112":{"start":{"line":113,"column":0},"end":{"line":113,"column":9}},"115":{"start":{"line":116,"column":0},"end":{"line":116,"column":81}},"116":{"start":{"line":117,"column":0},"end":{"line":117,"column":72}},"117":{"start":{"line":118,"column":0},"end":{"line":118,"column":113}},"118":{"start":{"line":119,"column":0},"end":{"line":119,"column":13}},"120":{"start":{"line":121,"column":0},"end":{"line":121,"column":48}},"121":{"start":{"line":122,"column":0},"end":{"line":122,"column":115}},"122":{"start":{"line":123,"column":0},"end":{"line":123,"column":13}},"125":{"start":{"line":126,"column":0},"end":{"line":126,"column":63}},"126":{"start":{"line":127,"column":0},"end":{"line":127,"column":51}},"127":{"start":{"line":128,"column":0},"end":{"line":128,"column":73}},"128":{"start":{"line":129,"column":0},"end":{"line":129,"column":99}},"129":{"start":{"line":130,"column":0},"end":{"line":130,"column":17}},"130":{"start":{"line":131,"column":0},"end":{"line":131,"column":13}},"131":{"start":{"line":132,"column":0},"end":{"line":132,"column":9}},"134":{"start":{"line":135,"column":0},"end":{"line":135,"column":88}},"135":{"start":{"line":136,"column":0},"end":{"line":136,"column":92}},"136":{"start":{"line":137,"column":0},"end":{"line":137,"column":9}},"138":{"start":{"line":139,"column":0},"end":{"line":139,"column":33}},"139":{"start":{"line":140,"column":0},"end":{"line":140,"column":11}},"141":{"start":{"line":142,"column":0},"end":{"line":142,"column":170}},"143":{"start":{"line":144,"column":0},"end":{"line":144,"column":24}},"144":{"start":{"line":145,"column":0},"end":{"line":145,"column":24}},"145":{"start":{"line":146,"column":0},"end":{"line":146,"column":9}},"148":{"start":{"line":149,"column":0},"end":{"line":149,"column":54}},"149":{"start":{"line":150,"column":0},"end":{"line":150,"column":25}},"150":{"start":{"line":151,"column":0},"end":{"line":151,"column":9}},"153":{"start":{"line":154,"column":0},"end":{"line":154,"column":23}},"154":{"start":{"line":155,"column":0},"end":{"line":155,"column":24}},"155":{"start":{"line":156,"column":0},"end":{"line":156,"column":78}},"157":{"start":{"line":158,"column":0},"end":{"line":158,"column":28}},"158":{"start":{"line":159,"column":0},"end":{"line":159,"column":66}},"160":{"start":{"line":161,"column":0},"end":{"line":161,"column":25}},"161":{"start":{"line":162,"column":0},"end":{"line":162,"column":26}},"162":{"start":{"line":163,"column":0},"end":{"line":163,"column":25}},"163":{"start":{"line":164,"column":0},"end":{"line":164,"column":71}},"165":{"start":{"line":166,"column":0},"end":{"line":166,"column":26}},"166":{"start":{"line":167,"column":0},"end":{"line":167,"column":79}},"168":{"start":{"line":169,"column":0},"end":{"line":169,"column":27}},"170":{"start":{"line":171,"column":0},"end":{"line":171,"column":68}},"171":{"start":{"line":172,"column":0},"end":{"line":172,"column":33}},"172":{"start":{"line":173,"column":0},"end":{"line":173,"column":17}},"174":{"start":{"line":175,"column":0},"end":{"line":175,"column":71}},"175":{"start":{"line":176,"column":0},"end":{"line":176,"column":65}},"176":{"start":{"line":177,"column":0},"end":{"line":177,"column":57}},"180":{"start":{"line":181,"column":0},"end":{"line":181,"column":95}},"181":{"start":{"line":182,"column":0},"end":{"line":182,"column":33}},"182":{"start":{"line":183,"column":0},"end":{"line":183,"column":17}},"185":{"start":{"line":186,"column":0},"end":{"line":186,"column":40}},"186":{"start":{"line":187,"column":0},"end":{"line":187,"column":33}},"187":{"start":{"line":188,"column":0},"end":{"line":188,"column":17}},"190":{"start":{"line":191,"column":0},"end":{"line":191,"column":64}},"191":{"start":{"line":192,"column":0},"end":{"line":192,"column":101}},"193":{"start":{"line":194,"column":0},"end":{"line":194,"column":37}},"194":{"start":{"line":195,"column":0},"end":{"line":195,"column":33}},"195":{"start":{"line":196,"column":0},"end":{"line":196,"column":17}},"198":{"start":{"line":199,"column":0},"end":{"line":199,"column":83}},"199":{"start":{"line":200,"column":0},"end":{"line":200,"column":56}},"203":{"start":{"line":204,"column":0},"end":{"line":204,"column":87}},"205":{"start":{"line":206,"column":0},"end":{"line":206,"column":99}},"207":{"start":{"line":208,"column":0},"end":{"line":208,"column":36}},"209":{"start":{"line":210,"column":0},"end":{"line":210,"column":20}},"210":{"start":{"line":211,"column":0},"end":{"line":211,"column":32}},"211":{"start":{"line":212,"column":0},"end":{"line":212,"column":9}},"212":{"start":{"line":213,"column":0},"end":{"line":213,"column":11}},"214":{"start":{"line":215,"column":0},"end":{"line":215,"column":12}},"215":{"start":{"line":216,"column":0},"end":{"line":216,"column":23}},"216":{"start":{"line":217,"column":0},"end":{"line":217,"column":24}},"217":{"start":{"line":218,"column":0},"end":{"line":218,"column":25}},"218":{"start":{"line":219,"column":0},"end":{"line":219,"column":22}},"219":{"start":{"line":220,"column":0},"end":{"line":220,"column":6}},"220":{"start":{"line":221,"column":0},"end":{"line":221,"column":2}}},"s":{"4":0,"6":0,"7":0,"8":0,"9":0,"10":0,"11":0,"14":0,"15":0,"16":0,"18":0,"19":0,"20":0,"23":0,"24":0,"26":0,"27":0,"28":0,"31":0,"32":0,"33":0,"34":0,"35":0,"36":0,"37":0,"38":0,"39":0,"42":0,"43":0,"44":0,"45":0,"46":0,"47":0,"48":0,"49":0,"50":0,"52":0,"53":0,"54":0,"55":0,"56":0,"58":0,"59":0,"60":0,"61":0,"63":0,"64":0,"65":0,"67":0,"68":0,"69":0,"71":0,"72":0,"73":0,"75":0,"76":0,"77":0,"80":0,"81":0,"82":0,"83":0,"84":0,"85":0,"86":0,"88":0,"89":0,"91":0,"92":0,"93":0,"94":0,"96":0,"97":0,"98":0,"100":0,"101":0,"102":0,"104":0,"105":0,"106":0,"109":0,"110":0,"111":0,"112":0,"115":0,"116":0,"117":0,"118":0,"120":0,"121":0,"122":0,"125":0,"126":0,"127":0,"128":0,"129":0,"130":0,"131":0,"134":0,"135":0,"136":0,"138":0,"139":0,"141":0,"143":0,"144":0,"145":0,"148":0,"149":0,"150":0,"153":0,"154":0,"155":0,"157":0,"158":0,"160":0,"161":0,"162":0,"163":0,"165":0,"166":0,"168":0,"170":0,"171":0,"172":0,"174":0,"175":0,"176":0,"180":0,"181":0,"182":0,"185":0,"186":0,"187":0,"190":0,"191":0,"193":0,"194":0,"195":0,"198":0,"199":0,"203":0,"205":0,"207":0,"209":0,"210":0,"211":0,"212":0,"214":0,"215":0,"216":0,"217":0,"218":0,"219":0,"220":0},"branchMap":{"0":{"type":"branch","line":1,"loc":{"start":{"line":1,"column":9620},"end":{"line":221,"column":2}},"locations":[{"start":{"line":1,"column":9620},"end":{"line":221,"column":2}}]}},"b":{"0":[1]},"fnMap":{"0":{"name":"(empty-report)","decl":{"start":{"line":1,"column":9620},"end":{"line":221,"column":2}},"loc":{"start":{"line":1,"column":9620},"end":{"line":221,"column":2}},"line":1}},"f":{"0":1}}
}
